This is pdfTeX, Version 3.1415926-2.5-1.40.14 (TeX Live 2013) (format=pdflatex 2013.9.29)  7 MAY 2014 18:08
entering extended mode
 restricted \write18 enabled.
 %&-line parsing enabled.
**BasicSyntax.tex
(./BasicSyntax.tex
LaTeX2e <2011/06/27>
Babel <3.9f> and hyphenation patterns for 78 languages loaded.
(./acm_proc_article-sp.cls
(/usr/local/texlive/2013/texmf-dist/tex/latex/graphics/epsfig.sty
Package: epsfig 1999/02/16 v1.7a (e)psfig emulation (SPQR)

(/usr/local/texlive/2013/texmf-dist/tex/latex/graphics/graphicx.sty
Package: graphicx 1999/02/16 v1.0f Enhanced LaTeX Graphics (DPC,SPQR)

(/usr/local/texlive/2013/texmf-dist/tex/latex/graphics/keyval.sty
Package: keyval 1999/03/16 v1.13 key=value parser (DPC)
\KV@toks@=\toks14
)
(/usr/local/texlive/2013/texmf-dist/tex/latex/graphics/graphics.sty
Package: graphics 2009/02/05 v1.0o Standard LaTeX Graphics (DPC,SPQR)

(/usr/local/texlive/2013/texmf-dist/tex/latex/graphics/trig.sty
Package: trig 1999/03/16 v1.09 sin cos tan (DPC)
)
(/usr/local/texlive/2013/texmf-dist/tex/latex/latexconfig/graphics.cfg
File: graphics.cfg 2010/04/23 v1.9 graphics configuration of TeX Live
)
Package graphics Info: Driver file: pdftex.def on input line 91.

(/usr/local/texlive/2013/texmf-dist/tex/latex/pdftex-def/pdftex.def
File: pdftex.def 2011/05/27 v0.06d Graphics/color for pdfTeX

(/usr/local/texlive/2013/texmf-dist/tex/generic/oberdiek/infwarerr.sty
Package: infwarerr 2010/04/08 v1.3 Providing info/warning/error messages (HO)
)
(/usr/local/texlive/2013/texmf-dist/tex/generic/oberdiek/ltxcmds.sty
Package: ltxcmds 2011/11/09 v1.22 LaTeX kernel commands for general use (HO)
)
\Gread@gobject=\count79
))
\Gin@req@height=\dimen102
\Gin@req@width=\dimen103
)
\epsfxsize=\dimen104
\epsfysize=\dimen105
)
(/usr/local/texlive/2013/texmf-dist/tex/latex/amsfonts/amssymb.sty
Package: amssymb 2013/01/14 v3.01 AMS font symbols

(/usr/local/texlive/2013/texmf-dist/tex/latex/amsfonts/amsfonts.sty
Package: amsfonts 2013/01/14 v3.01 Basic AMSFonts support
\@emptytoks=\toks15
\symAMSa=\mathgroup4
\symAMSb=\mathgroup5
LaTeX Font Info:    Overwriting math alphabet `\mathfrak' in version `bold'
(Font)                  U/euf/m/n --> U/euf/b/n on input line 106.
))
(/usr/local/texlive/2013/texmf-dist/tex/latex/amsmath/amsmath.sty
Package: amsmath 2013/01/14 v2.14 AMS math features
\@mathmargin=\skip41

For additional information on amsmath, use the `?' option.
(/usr/local/texlive/2013/texmf-dist/tex/latex/amsmath/amstext.sty
Package: amstext 2000/06/29 v2.01

(/usr/local/texlive/2013/texmf-dist/tex/latex/amsmath/amsgen.sty
File: amsgen.sty 1999/11/30 v2.0
\@emptytoks=\toks16
\ex@=\dimen106
))
(/usr/local/texlive/2013/texmf-dist/tex/latex/amsmath/amsbsy.sty
Package: amsbsy 1999/11/29 v1.2d
\pmbraise@=\dimen107
)
(/usr/local/texlive/2013/texmf-dist/tex/latex/amsmath/amsopn.sty
Package: amsopn 1999/12/14 v2.01 operator names
)
\inf@bad=\count80
LaTeX Info: Redefining \frac on input line 210.
\uproot@=\count81
\leftroot@=\count82
LaTeX Info: Redefining \overline on input line 306.
\classnum@=\count83
\DOTSCASE@=\count84
LaTeX Info: Redefining \ldots on input line 378.
LaTeX Info: Redefining \dots on input line 381.
LaTeX Info: Redefining \cdots on input line 466.
\Mathstrutbox@=\box26
\strutbox@=\box27
\big@size=\dimen108
LaTeX Font Info:    Redeclaring font encoding OML on input line 566.
LaTeX Font Info:    Redeclaring font encoding OMS on input line 567.
\macc@depth=\count85
\c@MaxMatrixCols=\count86
\dotsspace@=\muskip10
\c@parentequation=\count87
\dspbrk@lvl=\count88
\tag@help=\toks17
\row@=\count89
\column@=\count90
\maxfields@=\count91
\andhelp@=\toks18
\eqnshift@=\dimen109
\alignsep@=\dimen110
\tagshift@=\dimen111
\tagwidth@=\dimen112
\totwidth@=\dimen113
\lineht@=\dimen114
\@envbody=\toks19
\multlinegap=\skip42
\multlinetaggap=\skip43
\mathdisplay@stack=\toks20
LaTeX Info: Redefining \[ on input line 2665.
LaTeX Info: Redefining \] on input line 2666.
)
Document Class 'acm_proc_article-sp' <22nd. April '09>. Modified by G.K.M. Tobi
n
Based in part upon document Style `acmconf' <22 May 89>. Hacked 4/91 by
shivers@cs.cmu.edu, 4/93 by theobald@cs.mcgill.ca
Excerpts were taken from (Journal Style) 'esub2acm.cls'.
****** Bugs/comments/suggestions to Gerry Murray -- murray@hq.acm.org ******
\footheight=\dimen115
\@maxsep=\dimen116
\@dblmaxsep=\dimen117
\aucount=\count92
\originalaucount=\count93
\auwidth=\dimen118
\auskip=\dimen119
\auskipcount=\count94
\auskip=\dimen120
\allauboxes=\dimen121
\addauthors=\toks21
\addauflag=\count95
\subtitletext=\toks22
\savesection=\count96
\sectioncntr=\count97
\c@figure=\count98
\c@table=\count99
\titleboxnotes=\toks23
\titleboxnoteflag=\count100
Document Class: acm_proc_article-sp 2009/04/22 - V3.2SP - based on esub2acm.sty
 <23 April 96>
(/usr/local/texlive/2013/texmf-dist/tex/latex/base/latexsym.sty
Package: latexsym 1998/08/17 v2.2e Standard LaTeX package (lasy symbols)
\symlasy=\mathgroup6
LaTeX Font Info:    Overwriting symbol font `lasy' in version `bold'
(Font)                  U/lasy/m/n --> U/lasy/b/n on input line 47.
)
\@acmtitlebox=\box28
\titlenotecount=\count101
\tntoks=\toks24
\tntokstwo=\toks25
\tntoksthree=\toks26
\tntoksfour=\toks27
\tntoksfive=\toks28
\catcount=\count102
\copyrightnotice=\toks29
\conf=\toks30
\confinfo=\toks31
\c@part=\count103
\c@section=\count104
\c@subsection=\count105
\c@subsubsection=\count106
\c@paragraph=\count107

Using 'Abbrev' bibliography style
LaTeX Info: Redefining \cite on input line 1236.
\bibindent=\dimen122
\colcntr=\count108
\saveb@x=\box29
\copyrtyr=\toks32
\acmcopyr=\toks33
\boilerplate=\toks34
\copyrightetc=\toks35
(/usr/local/texlive/2013/texmf-dist/tex/latex/base/fontenc.sty
Package: fontenc 2005/09/27 v1.99g Standard LaTeX package

(/usr/local/texlive/2013/texmf-dist/tex/latex/base/t1enc.def
File: t1enc.def 2005/09/27 v1.99g Standard LaTeX file
LaTeX Font Info:    Redeclaring font encoding T1 on input line 43.
)
LaTeX Font Info:    Try loading font information for T1+aer on input line 100.

(/usr/local/texlive/2013/texmf-dist/tex/latex/ae/t1aer.fd
File: t1aer.fd 1997/11/16 Font definitions for T1/aer.
))) (./agda.sty
Package: agda 

(/usr/local/texlive/2013/texmf-dist/tex/generic/ifxetex/ifxetex.sty
Package: ifxetex 2010/09/12 v0.6 Provides ifxetex conditional
)
(/usr/local/texlive/2013/texmf-dist/tex/latex/xcolor/xcolor.sty
Package: xcolor 2007/01/21 v2.11 LaTeX color extensions (UK)

(/usr/local/texlive/2013/texmf-dist/tex/latex/latexconfig/color.cfg
File: color.cfg 2007/01/18 v1.5 color configuration of teTeX/TeXLive
)
Package xcolor Info: Driver file: pdftex.def on input line 225.
Package xcolor Info: Model `cmy' substituted by `cmy0' on input line 1337.
Package xcolor Info: Model `hsb' substituted by `rgb' on input line 1341.
Package xcolor Info: Model `RGB' extended on input line 1353.
Package xcolor Info: Model `HTML' substituted by `rgb' on input line 1355.
Package xcolor Info: Model `Hsb' substituted by `hsb' on input line 1356.
Package xcolor Info: Model `tHsb' substituted by `hsb' on input line 1357.
Package xcolor Info: Model `HSB' substituted by `hsb' on input line 1358.
Package xcolor Info: Model `Gray' substituted by `gray' on input line 1359.
Package xcolor Info: Model `wave' substituted by `hsb' on input line 1360.
)
(/usr/local/texlive/2013/texmf-dist/tex/latex/polytable/polytable.sty
Package: polytable 2005/04/26 v0.8.2 `polytable' package (Andres Loeh)

(/usr/local/texlive/2013/texmf-dist/tex/latex/lazylist/lazylist.sty)
(/usr/local/texlive/2013/texmf-dist/tex/latex/tools/array.sty
Package: array 2008/09/09 v2.4c Tabular extension package (FMi)
\col@sep=\dimen123
\extrarowheight=\dimen124
\NC@list=\toks36
\extratabsurround=\skip44
\backup@length=\skip45
)
\PT@colwidth=\dimen125
\PT@cols=\count109
\PT@table=\count110
\PT@toks=\toks37
\PT@in=\read1
\PT@out=\write3
)
(/usr/local/texlive/2013/texmf-dist/tex/latex/ucs/ucs.sty
Package: ucs 2013/05/11 v2.2 UCS: Unicode input support

(/usr/local/texlive/2013/texmf-dist/tex/latex/ucs/data/uni-global.def
File: uni-global.def 2013/05/13 UCS: Unicode global data
)
\uc@secondtry=\count111
\uc@combtoks=\toks38
\uc@combtoksb=\toks39
\uc@temptokena=\toks40
)
(/usr/local/texlive/2013/texmf-dist/tex/latex/tipa/tipa.sty
Package: tipa 2002/08/08 TIPA version 1.1

(/usr/local/texlive/2013/texmf-dist/tex/latex/base/fontenc.sty
Package: fontenc 2005/09/27 v1.99g Standard LaTeX package

(/usr/local/texlive/2013/texmf-dist/tex/latex/tipa/t3enc.def
File: t3enc.def 2001/12/31 T3 encoding
LaTeX Font Info:    Try loading font information for T1+aess on input line 357.


(/usr/local/texlive/2013/texmf-dist/tex/latex/ae/t1aess.fd
File: t1aess.fd 1997/11/16 Font definitions for T1/aess.
))
(/usr/local/texlive/2013/texmf-dist/tex/latex/base/t1enc.def
File: t1enc.def 2005/09/27 v1.99g Standard LaTeX file
LaTeX Font Info:    Redeclaring font encoding T1 on input line 43.
)))
(/usr/local/texlive/2013/texmf-dist/tex/latex/base/fontenc.sty
Package: fontenc 2005/09/27 v1.99g Standard LaTeX package

(/usr/local/texlive/2013/texmf-dist/tex/latex/base/t1enc.def
File: t1enc.def 2005/09/27 v1.99g Standard LaTeX file
LaTeX Font Info:    Redeclaring font encoding T1 on input line 43.
))
(/usr/local/texlive/2013/texmf-dist/tex/latex/base/inputenc.sty
Package: inputenc 2008/03/30 v1.1d Input encoding file
\inpenc@prehook=\toks41
\inpenc@posthook=\toks42

(/usr/local/texlive/2013/texmf-dist/tex/latex/ucs/utf8x.def
File: utf8x.def 2004/10/17 UCS: Input encoding UTF-8
)
(/usr/local/texlive/2013/texmf-dist/tex/latex/ucs/utf8x.def
File: utf8x.def 2004/10/17 UCS: Input encoding UTF-8
))
\mathindent=\dimen126
)
(/usr/local/texlive/2013/texmf-dist/tex/latex/doublestroke/dsfont.sty
Package: dsfont 1995/08/01 v0.1 Double stroke roman fonts
)
(/usr/local/texlive/2013/texmf-dist/tex/latex/relsize/relsize.sty
Package: relsize 2013/03/29 ver 4.1
)
(/usr/local/texlive/2013/texmf-dist/tex/latex/ucs/utils/autofe.sty
Package: autofe 2002/12/17 Automatic switching of fontencodings

macro:->
) (/usr/local/texlive/2013/texmf-dist/tex/latex/stmaryrd/stmaryrd.sty
Package: stmaryrd 1994/03/03 St Mary's Road symbol package
\symstmry=\mathgroup7
LaTeX Font Info:    Overwriting symbol font `stmry' in version `bold'
(Font)                  U/stmry/m/n --> U/stmry/b/n on input line 89.
)
(/usr/local/texlive/2013/texmf-dist/tex/latex/textgreek/textgreek.sty
Package: textgreek 2011/10/09 v0.7 Greek symbols in text
Package textgreek Info: Loading the definitions for the Greek fontencoding. on 
input line 39.

(/usr/local/texlive/2013/texmf-dist/tex/latex/greek-fontenc/lgrenc.def
File: lgrenc.def 2013/05/24 v0.8.2 LGR Greek font encoding definitions
)
Package textgreek Info: Loaded fontmap: {eur/*/*}{U/eur/*/*} {phv/*/*}{U/psy/*/
*}. on input line 69.
)
(./diagxy.sty
\atcode=\count112
 (/usr/local/texlive/2013/texmf-dist/tex/generic/xypic/xy.tex
Bootstrap'ing: catcodes, docmode,
(/usr/local/texlive/2013/texmf-dist/tex/generic/xypic/xyrecat.tex)
(/usr/local/texlive/2013/texmf-dist/tex/generic/xypic/xyidioms.tex)

 Xy-pic version 3.8.8 <2012/05/24>
 Copyright (c) 1991-2011 by Kristoffer H. Rose <krisrose@tug.org>
 Xy-pic is free software: see the User's Guide for details.

Loading kernel: messages; fonts; allocations: state,
\X@c=\dimen127
\Y@c=\dimen128
\U@c=\dimen129
\D@c=\dimen130
\L@c=\dimen131
\R@c=\dimen132
\Edge@c=\toks43
\X@p=\dimen133
\Y@p=\dimen134
\U@p=\dimen135
\D@p=\dimen136
\L@p=\dimen137
\R@p=\dimen138
\Edge@p=\toks44
\X@origin=\dimen139
\Y@origin=\dimen140
\X@xbase=\dimen141
\Y@xbase=\dimen142
\X@ybase=\dimen143
\Y@ybase=\dimen144
\X@min=\dimen145
\Y@min=\dimen146
\X@max=\dimen147
\Y@max=\dimen148
\lastobjectbox@=\box30
\zerodotbox@=\box31
\almostz@=\dimen149
 direction,
\d@X=\dimen150
\d@Y=\dimen151
\K@=\count113
\KK@=\count114
\Direction=\count115
\K@dXdY=\dimen152
\K@dYdX=\dimen153
\xyread@=\read2
\xywrite@=\write4
\csp@=\count116
\quotPTK@=\dimen154

utility macros; pictures: \xy, positions,
\swaptoks@@=\toks45
\connectobjectbox@@=\box32
 objects,
\styletoks@=\toks46
 decorations;
kernel objects: directionals, circles, text; options; algorithms: directions,
edges, connections;  Xy-pic loaded)
(/usr/local/texlive/2013/texmf-dist/tex/generic/xypic/xyarrow.tex
 Xy-pic option: Arrow and Path feature v.3.9 path, \ar, loaded)
(/usr/local/texlive/2013/texmf-dist/tex/generic/xypic/xycurve.tex
 Xy-pic option: Curve and Spline extension v.3.12 curve,
\crv@cnt@=\count117
\crvpts@=\toks47
\splinebox@=\box33
\splineval@=\dimen155
\splinedepth@=\dimen156
\splinetol@=\dimen157
\splinelength@=\dimen158
 circles,
\L@=\dimen159
 loaded)
\xydashw@@=\dimen160
\high=\dimen161
\ul=\dimen162
\deltax=\count118
\deltay=\count119
\deltaX=\count120
\deltaXprime=\count121
\deltaY=\count122
\deltaYprime=\count123
\wdth=\dimen163
\xend=\count124
\yend=\count125
\Xend=\count126
\Yend=\count127
\xpos=\count128
\ypos=\count129
\default=\count130
\defaultmargin=\count131
\topw=\count132
\botw=\count133
\Xpos=\count134
\Ypos=\count135
LaTeX Font Info:    Try loading font information for U+msa on input line 99.

(/usr/local/texlive/2013/texmf-dist/tex/latex/amsfonts/umsa.fd
File: umsa.fd 2013/01/14 v3.01 AMS symbols A
)
LaTeX Font Info:    Try loading font information for U+msb on input line 99.

(/usr/local/texlive/2013/texmf-dist/tex/latex/amsfonts/umsb.fd
File: umsb.fd 2013/01/14 v3.01 AMS symbols B
)
LaTeX Font Info:    Try loading font information for U+lasy on input line 99.

(/usr/local/texlive/2013/texmf-dist/tex/latex/base/ulasy.fd
File: ulasy.fd 1998/08/17 v2.2e LaTeX symbol font definitions
)
LaTeX Font Info:    Try loading font information for U+stmry on input line 99.

(/usr/local/texlive/2013/texmf-dist/tex/latex/stmaryrd/Ustmry.fd)
\axis=\dimen164
\xfinish=\count136
\yfinish=\count137
)
(./mypack.sty
Package: mypack 
) (./BasicSyntax.aux)
\openout1 = `BasicSyntax.aux'.

LaTeX Font Info:    Checking defaults for OML/cmm/m/it on input line 42.
LaTeX Font Info:    ... okay on input line 42.
LaTeX Font Info:    Checking defaults for T1/cmr/m/n on input line 42.
LaTeX Font Info:    ... okay on input line 42.
LaTeX Font Info:    Checking defaults for OT1/cmr/m/n on input line 42.
LaTeX Font Info:    ... okay on input line 42.
LaTeX Font Info:    Checking defaults for OMS/cmsy/m/n on input line 42.
LaTeX Font Info:    ... okay on input line 42.
LaTeX Font Info:    Checking defaults for OMX/cmex/m/n on input line 42.
LaTeX Font Info:    ... okay on input line 42.
LaTeX Font Info:    Checking defaults for U/cmr/m/n on input line 42.
LaTeX Font Info:    ... okay on input line 42.
LaTeX Font Info:    Checking defaults for T3/cmr/m/n on input line 42.
LaTeX Font Info:    Try loading font information for T3+cmr on input line 42.

(/usr/local/texlive/2013/texmf-dist/tex/latex/tipa/t3cmr.fd
File: t3cmr.fd 2001/12/31 TIPA font definitions
)
LaTeX Font Info:    ... okay on input line 42.
LaTeX Font Info:    Checking defaults for LGR/cmr/m/n on input line 42.
LaTeX Font Info:    Try loading font information for LGR+cmr on input line 42.

(/usr/local/texlive/2013/texmf-dist/tex/generic/babel-greek/lgrcmr.fd
File: lgrcmr.fd 2008/06/17 v2.3 Greek Computer Modern
)
LaTeX Font Info:    ... okay on input line 42.

(/usr/local/texlive/2013/texmf-dist/tex/context/base/supp-pdf.mkii
[Loading MPS to PDF converter (version 2006.09.02).]
\scratchcounter=\count138
\scratchdimen=\dimen165
\scratchbox=\box34
\nofMPsegments=\count139
\nofMParguments=\count140
\everyMPshowfont=\toks48
\MPscratchCnt=\count141
\MPscratchDim=\dimen166
\MPnumerator=\count142
\makeMPintoPDFobject=\count143
\everyMPtoPDFconversion=\toks49
) (/usr/local/texlive/2013/texmf-dist/tex/generic/oberdiek/pdftexcmds.sty
Package: pdftexcmds 2011/11/29 v0.20 Utility functions of pdfTeX for LuaTeX (HO
)

(/usr/local/texlive/2013/texmf-dist/tex/generic/oberdiek/ifluatex.sty
Package: ifluatex 2010/03/01 v1.3 Provides the ifluatex switch (HO)
Package ifluatex Info: LuaTeX not detected.
)
(/usr/local/texlive/2013/texmf-dist/tex/generic/oberdiek/ifpdf.sty
Package: ifpdf 2011/01/30 v2.3 Provides the ifpdf switch (HO)
Package ifpdf Info: pdfTeX in PDF mode is detected.
)
Package pdftexcmds Info: LuaTeX not detected.
Package pdftexcmds Info: \pdf@primitive is available.
Package pdftexcmds Info: \pdf@ifprimitive is available.
Package pdftexcmds Info: \pdfdraftmode found.
)
(/usr/local/texlive/2013/texmf-dist/tex/latex/oberdiek/epstopdf-base.sty
Package: epstopdf-base 2010/02/09 v2.5 Base part for package epstopdf

(/usr/local/texlive/2013/texmf-dist/tex/latex/oberdiek/grfext.sty
Package: grfext 2010/08/19 v1.1 Manage graphics extensions (HO)

(/usr/local/texlive/2013/texmf-dist/tex/generic/oberdiek/kvdefinekeys.sty
Package: kvdefinekeys 2011/04/07 v1.3 Define keys (HO)
))
(/usr/local/texlive/2013/texmf-dist/tex/latex/oberdiek/kvoptions.sty
Package: kvoptions 2011/06/30 v3.11 Key value format for package options (HO)

(/usr/local/texlive/2013/texmf-dist/tex/generic/oberdiek/kvsetkeys.sty
Package: kvsetkeys 2012/04/25 v1.16 Key value parser (HO)

(/usr/local/texlive/2013/texmf-dist/tex/generic/oberdiek/etexcmds.sty
Package: etexcmds 2011/02/16 v1.5 Avoid name clashes with e-TeX commands (HO)
Package etexcmds Info: Could not find \expanded.
(etexcmds)             That can mean that you are not using pdfTeX 1.50 or
(etexcmds)             that some package has redefined \expanded.
(etexcmds)             In the latter case, load this package earlier.
)))
Package grfext Info: Graphics extension search list:
(grfext)             [.png,.pdf,.jpg,.mps,.jpeg,.jbig2,.jb2,.PNG,.PDF,.JPG,.JPE
G,.JBIG2,.JB2,.eps]
(grfext)             \AppendGraphicsExtensions on input line 452.

(/usr/local/texlive/2013/texmf-dist/tex/latex/latexconfig/epstopdf-sys.cfg
File: epstopdf-sys.cfg 2010/07/13 v1.3 Configuration of (r)epstopdf for TeX Liv
e
))
(/usr/local/texlive/2013/texmf-dist/tex/latex/ucs/ucsencs.def
File: ucsencs.def 2011/01/21 Fixes to fontencodings LGR, T3
LGR\textpentedeka already defined.
LGR\textpenteqilioi already defined.
LGR\textpentemuria already defined.
LGR\textstigma already defined.
LGR\textqoppa already defined.
LGR\texteuro already defined.
LGR\textperthousand already defined.
LGR\textquoteleft already defined.
LGR\textquoteright already defined.
LGR\u already defined.
LGR\= already defined.
LGR\" already defined.
LGR\textpercent already defined.
LGR\textperiodcentered already defined.
LGR\' already defined.
LGR\textanoteleia already defined.
LGR\textAlpha already defined.
LGR\textBeta already defined.
LGR\textDelta already defined.
LGR\textEpsilon already defined.
LGR\textPhi already defined.
LGR\textGamma already defined.
LGR\textEta already defined.
LGR\textIota already defined.
LGR\textTheta already defined.
LGR\textKappa already defined.
LGR\textLambda already defined.
LGR\textMu already defined.
LGR\textNu already defined.
LGR\textOmicron already defined.
LGR\textPi already defined.
LGR\textChi already defined.
LGR\textRho already defined.
LGR\textSigma already defined.
LGR\textTau already defined.
LGR\textUpsilon already defined.
LGR\textOmega already defined.
LGR\textXi already defined.
LGR\textPsi already defined.
LGR\textZeta already defined.
LGR\` already defined.
LGR\textalpha already defined.
LGR\textbeta already defined.
LGR\textvarsigma already defined.
LGR\textdelta already defined.
LGR\textepsilon already defined.
LGR\textphi already defined.
LGR\textgamma already defined.
LGR\texteta already defined.
LGR\textiota already defined.
LGR\texttheta already defined.
LGR\textkappa already defined.
LGR\textlambda already defined.
LGR\textmu already defined.
LGR\textnu already defined.
LGR\textomicron already defined.
LGR\textpi already defined.
LGR\textchi already defined.
LGR\textrho already defined.
LGR\textautosigma already defined.
LGR\textsigma already defined.
LGR\texttau already defined.
LGR\textupsilon already defined.
LGR\textomega already defined.
LGR\textxi already defined.
LGR\textpsi already defined.
LGR\textzeta already defined.
LGR\guillemotleft already defined.
LGR\guillemotright already defined.
LGR\~ already defined.
LGR\textemdash already defined.
LGR\textdigamma already defined.
LGR\textDigamma already defined.

fontencoding LGR patched
T3\textscriptg already defined.
fontencoding T3 patched
)
Overfull \hbox (9.90643pt too wide) in paragraph at lines 78--78
 []\eaddfnt ondrej.rypacek@gmail.com| 
 []

(/usr/local/texlive/2013/texmf-dist/tex/latex/ucs/data/uni-34.def
File: uni-34.def 2013/05/13 UCS: Unicode data U+2200..U+22FF
)
Underfull \vbox (badness 10000) has occurred while \output is active []

 [1{/usr/local/texlive/2013/texmf-var/fonts/map/pdftex/updmap/pdftex.map}


]
\openout3 = `BasicSyntax.ptb'.


(/usr/local/texlive/2013/texmf-dist/tex/latex/ucs/data/uni-3.def
File: uni-3.def 2013/05/13 UCS: Unicode data U+0300..U+03FF
)
LaTeX Font Info:    Try loading font information for LGR+aer on input line 270.

LaTeX Font Info:    No file LGRaer.fd. on input line 270.


LaTeX Font Warning: Font shape `LGR/aer/m/it' undefined
(Font)              using `LGR/cmr/m/n' instead on input line 270.

(/usr/local/texlive/2013/texmf-dist/tex/latex/ucs/data/uni-33.def
File: uni-33.def 2013/05/13 UCS: Unicode data U+2100..U+21FF
)
\openout3 = `BasicSyntax.ptb'.

LaTeX Font Info:    Try loading font information for LGR+aess on input line 287
.
LaTeX Font Info:    No file LGRaess.fd. on input line 287.


LaTeX Font Warning: Font shape `LGR/aess/m/n' undefined
(Font)              using `LGR/cmr/m/n' instead on input line 287.

\openout3 = `BasicSyntax.ptb'.


Overfull \hbox (8.98816pt too wide) in paragraph at lines 404--405
[] \OMS/cmsy/m/n/9 ^^Q []$ \T1/aer/m/n/9 to help
 []


Underfull \vbox (badness 10000) has occurred while \output is active []

 [2]
\openout3 = `BasicSyntax.ptb'.

\openout3 = `BasicSyntax.ptb'.


(/usr/local/texlive/2013/texmf-dist/tex/latex/ucs/data/uni-39.def
File: uni-39.def 2013/05/13 UCS: Unicode data U+2700..U+27FF
)
Overfull \hbox (16.82158pt too wide) in paragraph at lines 495--519
 [][][][] 
 []


Overfull \hbox (16.82158pt too wide) in paragraph at lines 495--519
 [][][][][][][][] 
 []


Overfull \hbox (16.82158pt too wide) in paragraph at lines 495--519
 [][][][][][] 
 []


Overfull \hbox (16.82158pt too wide) in paragraph at lines 495--519
 [][][][][][] 
 []


Overfull \hbox (16.82158pt too wide) in paragraph at lines 495--519
 [][] 
 []


Overfull \hbox (16.82158pt too wide) in paragraph at lines 495--519
 [][][][][][] 
 []


Overfull \hbox (16.82158pt too wide) in paragraph at lines 495--519
 [][][][][][] 
 []


Overfull \hbox (16.82158pt too wide) in paragraph at lines 495--519
 [][][][][][] 
 []


Overfull \hbox (16.82158pt too wide) in paragraph at lines 495--519
 [][][][] 
 []

\openout3 = `BasicSyntax.ptb'.


Overfull \hbox (27.80255pt too wide) in paragraph at lines 575--587
 [][][][] 
 []


Overfull \hbox (27.80255pt too wide) in paragraph at lines 575--587
 [][][][][][] 
 []


Overfull \hbox (27.80255pt too wide) in paragraph at lines 575--587
 [][][][][][] 
 []


Overfull \hbox (27.80255pt too wide) in paragraph at lines 575--587
 [][][][][][] 
 []


Overfull \hbox (27.80255pt too wide) in paragraph at lines 575--587
 [][][][] 
 []

\openout3 = `BasicSyntax.ptb'.

\openout3 = `BasicSyntax.ptb'.


Overfull \hbox (26.57195pt too wide) in paragraph at lines 618--631
 [][][][][][][][] 
 []


Overfull \hbox (26.57195pt too wide) in paragraph at lines 618--631
 [][][][][][] 
 []


Overfull \hbox (26.57195pt too wide) in paragraph at lines 618--631
 [][][][] 
 []


Overfull \hbox (26.57195pt too wide) in paragraph at lines 618--631
 [][][][][][][][] 
 []


Overfull \hbox (26.57195pt too wide) in paragraph at lines 618--631
 [][][][] 
 []


Underfull \vbox (badness 10000) has occurred while \output is active []

\openout3 = `BasicSyntax.ptb'.

\openout3 = `BasicSyntax.ptb'.

\openout3 = `BasicSyntax.ptb'.

\openout3 = `BasicSyntax.ptb'.


(/usr/local/texlive/2013/texmf-dist/tex/latex/ucs/data/uni-32.def
File: uni-32.def 2013/05/13 UCS: Unicode data U+2000..U+20FF
)
LaTeX Font Info:    Try loading font information for OMS+aess on input line 840
.
LaTeX Font Info:    No file OMSaess.fd. on input line 840.


LaTeX Font Warning: Font shape `OMS/aess/m/n' undefined
(Font)              using `OMS/cmsy/m/n' instead
(Font)              for symbol `textbullet' on input line 840.


Overfull \hbox (8.80486pt too wide) detected at line 840
  |  
 []


Overfull \hbox (8.80486pt too wide) detected at line 840
  |  
 []

\openout3 = `BasicSyntax.ptb'.


Overfull \hbox (6.95047pt too wide) in paragraph at lines 893--902
 [][][][] 
 []


Overfull \hbox (6.95047pt too wide) in paragraph at lines 893--902
 [][][][][][] 
 []


Overfull \hbox (6.95047pt too wide) in paragraph at lines 893--902
 [][][][][][] 
 []


Overfull \hbox (6.95047pt too wide) in paragraph at lines 893--902
 [][][][] 
 []

\openout3 = `BasicSyntax.ptb'.


Overfull \hbox (21.98988pt too wide) in paragraph at lines 952--978
 [][][][] 
 []


Overfull \hbox (21.98988pt too wide) in paragraph at lines 952--978
 [][][][][][][][] 
 []


Overfull \hbox (21.98988pt too wide) in paragraph at lines 952--978
 [][][][][][][][] 
 []


Overfull \hbox (21.98988pt too wide) in paragraph at lines 952--978
 [][] 
 []


Overfull \hbox (21.98988pt too wide) in paragraph at lines 952--978
 [][][][] 
 []


Overfull \hbox (21.98988pt too wide) in paragraph at lines 952--978
 [][][][] 
 []


Overfull \hbox (21.98988pt too wide) in paragraph at lines 952--978
 [][] 
 []


Overfull \hbox (21.98988pt too wide) in paragraph at lines 952--978
 [][][][] 
 []


Overfull \hbox (21.98988pt too wide) in paragraph at lines 952--978
 [][][][] 
 []


Overfull \hbox (21.98988pt too wide) in paragraph at lines 952--978
 [][][][] 
 []


Underfull \vbox (badness 10000) has occurred while \output is active []

 [3]
\openout3 = `BasicSyntax.ptb'.

\openout3 = `BasicSyntax.ptb'.


(./BasicSyntax2.tex
\openout3 = `BasicSyntax.ptb'.


Underfull \vbox (badness 10000) has occurred while \output is active []

\openout3 = `BasicSyntax.ptb'.

\openout3 = `BasicSyntax.ptb'.

\openout3 = `BasicSyntax.ptb'.


Overfull \hbox (7.66988pt too wide) in paragraph at lines 117--125
 [][][][] 
 []


Overfull \hbox (7.66988pt too wide) in paragraph at lines 117--125
 [][][][] 
 []


Overfull \hbox (7.66988pt too wide) in paragraph at lines 117--125
 [][][][] 
 []


Overfull \hbox (7.66988pt too wide) in paragraph at lines 117--125
 [][][][] 
 []

) (./Suspension.tex
\openout3 = `BasicSyntax.ptb'.

 [4]
\openout3 = `BasicSyntax.ptb'.

\openout3 = `BasicSyntax.ptb'.

\openout3 = `BasicSyntax.ptb'.

\openout3 = `BasicSyntax.ptb'.

\openout3 = `BasicSyntax.ptb'.

\openout3 = `BasicSyntax.ptb'.


Overfull \hbox (4.488pt too wide) in paragraph at lines 830--845
 [][][][] 
 []


Overfull \hbox (4.488pt too wide) in paragraph at lines 830--845
 [][][][] 
 []


Overfull \hbox (4.488pt too wide) in paragraph at lines 830--845
 [][][][] 
 []


Overfull \hbox (4.488pt too wide) in paragraph at lines 830--845
 [][][][][][][][] 
 []


Overfull \hbox (4.488pt too wide) in paragraph at lines 830--845
 [][][][] 
 []


Overfull \hbox (4.488pt too wide) in paragraph at lines 830--845
 [][][][] 
 []

\openout3 = `BasicSyntax.ptb'.

) (./BasicLaws.tex
\openout3 = `BasicSyntax.ptb'.



LaTeX Font Warning: Font shape `LGR/aer/m/n' undefined
(Font)              using `LGR/cmr/m/n' instead on input line 64.

\openout3 = `BasicSyntax.ptb'.

\openout3 = `BasicSyntax.ptb'.


Overfull \hbox (6.39673pt too wide) in paragraph at lines 90--150
\T1/aer/m/n/9 con-text for which we are as-sum-ing the def-i-ni-tion: []\T1/aes
s/m/n/9 x:*,y:*,\LGR/aess/m/n/9 a\T1/aess/m/n/9 :x=y[]
 []


Underfull \vbox (badness 10000) has occurred while \output is active []

 [5]
\openout3 = `BasicSyntax.ptb'.

\openout3 = `BasicSyntax.ptb'.

)
(./GroupoidLaws.tex
Overfull \hbox (10.50038pt too wide) in paragraph at lines 39--42
\T1/aer/m/n/9 con-struct ap-pro-pri-ate co-her-ence 2-cells wit-ness-ing the gr
oupoid
 []

\openout3 = `BasicSyntax.ptb'.


Overfull \hbox (7.98059pt too wide) detected at line 174
  |  
 []


Overfull \hbox (7.98059pt too wide) detected at line 174
  |  
 []


Overfull \hbox (7.98059pt too wide) detected at line 174
  |  
 []


Overfull \hbox (7.98059pt too wide) detected at line 174
  |  
 []


Overfull \hbox (7.98059pt too wide) detected at line 174
  |  
 []


Overfull \hbox (7.98059pt too wide) detected at line 174
  |  
 []


Overfull \hbox (7.98059pt too wide) detected at line 174
  |  
 []


Overfull \hbox (7.98059pt too wide) detected at line 174
  |  
 []


Overfull \hbox (7.98059pt too wide) detected at line 174
  |  
 []


Overfull \hbox (7.98059pt too wide) detected at line 174
  |  
 []


Overfull \hbox (7.98059pt too wide) detected at line 174
  |  
 []


Overfull \hbox (7.98059pt too wide) detected at line 174
  |  
 []


Overfull \hbox (18.80722pt too wide) in paragraph at lines 129--174
 [][][][] 
 []


Overfull \hbox (18.80722pt too wide) in paragraph at lines 129--174
 [][][][] 
 []


Overfull \hbox (18.80722pt too wide) in paragraph at lines 129--174
 [][][][] 
 []


Overfull \hbox (18.80722pt too wide) in paragraph at lines 129--174
 [][][][] 
 []


Overfull \hbox (18.80722pt too wide) in paragraph at lines 129--174
 [][] 
 []


Overfull \hbox (18.80722pt too wide) in paragraph at lines 129--174
 [][][][] 
 []


Overfull \hbox (18.80722pt too wide) in paragraph at lines 129--174
 [][][][] 
 []


Overfull \hbox (18.80722pt too wide) in paragraph at lines 129--174
 [][][][][][] 
 []


Overfull \hbox (18.80722pt too wide) in paragraph at lines 129--174
 [][][][] 
 []


Overfull \hbox (18.80722pt too wide) in paragraph at lines 129--174
 [][] 
 []


Overfull \hbox (18.80722pt too wide) in paragraph at lines 129--174
 [][][][] 
 []


Overfull \hbox (18.80722pt too wide) in paragraph at lines 129--174
 [][][][] 
 []


Overfull \hbox (18.80722pt too wide) in paragraph at lines 129--174
 [][][][] 
 []


Overfull \hbox (18.80722pt too wide) in paragraph at lines 129--174
 [][] 
 []


Overfull \hbox (18.80722pt too wide) in paragraph at lines 129--174
 [][][][] 
 []


Overfull \hbox (18.80722pt too wide) in paragraph at lines 129--174
 [][][][] 
 []


Overfull \hbox (18.80722pt too wide) in paragraph at lines 129--174
 [][][][] 
 []


Overfull \hbox (18.80722pt too wide) in paragraph at lines 129--174
 [][] 
 []


Overfull \hbox (18.80722pt too wide) in paragraph at lines 129--174
 [][][][] 
 []


Overfull \hbox (18.80722pt too wide) in paragraph at lines 129--174
 [][][][] 
 []


Overfull \hbox (18.80722pt too wide) in paragraph at lines 129--174
 [][][][] 
 []

\openout3 = `BasicSyntax.ptb'.


Overfull \hbox (5.26796pt too wide) detected at line 191
  |  
 []

) (./Telescopes2.tex
Underfull \vbox (badness 10000) has occurred while \output is active []

)
(./GlobularSets.tex
\openout3 = `BasicSyntax.ptb'.



LaTeX Warning: Command \textomega invalid in math mode on input line 57.

\openout3 = `BasicSyntax.ptb'.

(/usr/local/texlive/2013/texmf-dist/tex/latex/ucs/data/uni-38.def
File: uni-38.def 2013/05/13 UCS: Unicode data U+2600..U+26FF
))
(./Semantics.tex
\openout3 = `BasicSyntax.ptb'.


Overfull \hbox (7.20763pt too wide) detected at line 85
  |  
 []


Overfull \hbox (7.20763pt too wide) detected at line 85
  |  
 []


Overfull \hbox (12.49261pt too wide) in paragraph at lines 60--85
 [][][][] 
 []


Overfull \hbox (12.49261pt too wide) in paragraph at lines 60--85
 [][][][] 
 []


Overfull \hbox (12.49261pt too wide) in paragraph at lines 60--85
 [][][][][][] 
 []


Overfull \hbox (12.49261pt too wide) in paragraph at lines 60--85
 [][][][][][] 
 []


Overfull \hbox (12.49261pt too wide) in paragraph at lines 60--85
 [][][][][][] 
 []


Overfull \hbox (12.49261pt too wide) in paragraph at lines 60--85
 [][][][][][] 
 []


Overfull \hbox (12.49261pt too wide) in paragraph at lines 60--85
 [][][][][][] 
 []


Overfull \hbox (12.49261pt too wide) in paragraph at lines 60--85
 [][][][][][] 
 []


Overfull \hbox (12.49261pt too wide) in paragraph at lines 60--85
 [][][][] 
 []

[6]
\openout3 = `BasicSyntax.ptb'.

\openout3 = `BasicSyntax.ptb'.


Overfull \hbox (5.4576pt too wide) detected at line 156
  |  
 []


Overfull \hbox (5.4576pt too wide) detected at line 156
  |  
 []


Overfull \hbox (5.4576pt too wide) detected at line 156
  |  
 []


Overfull \hbox (5.4576pt too wide) detected at line 156
  |  
 []


Overfull \hbox (14.6769pt too wide) in paragraph at lines 125--156
 [][][][] 
 []


Overfull \hbox (14.6769pt too wide) in paragraph at lines 125--156
 [][][][][][][][] 
 []


Overfull \hbox (14.6769pt too wide) in paragraph at lines 125--156
 [][][][][][] 
 []


Overfull \hbox (14.6769pt too wide) in paragraph at lines 125--156
 [][] 
 []


Overfull \hbox (14.6769pt too wide) in paragraph at lines 125--156
 [][][][] 
 []


Overfull \hbox (14.6769pt too wide) in paragraph at lines 125--156
 [][][][][][] 
 []


Overfull \hbox (14.6769pt too wide) in paragraph at lines 125--156
 [][][][][][] 
 []


Overfull \hbox (14.6769pt too wide) in paragraph at lines 125--156
 [][][][][][] 
 []


Overfull \hbox (14.6769pt too wide) in paragraph at lines 125--156
 [][] 
 []


Overfull \hbox (14.6769pt too wide) in paragraph at lines 125--156
 [][][][] 
 []


Overfull \hbox (14.6769pt too wide) in paragraph at lines 125--156
 [][][][][][] 
 []


Overfull \hbox (14.6769pt too wide) in paragraph at lines 125--156
 [][][][] 
 []

\openout3 = `BasicSyntax.ptb'.


Overfull \hbox (4.2828pt too wide) in paragraph at lines 159--196
 [][][][] 
 []


Overfull \hbox (4.2828pt too wide) in paragraph at lines 159--196
 [][] 
 []


Overfull \hbox (4.2828pt too wide) in paragraph at lines 159--196
 [][][][][][] 
 []


Overfull \hbox (4.2828pt too wide) in paragraph at lines 159--196
 [][][][] 
 []


Overfull \hbox (4.2828pt too wide) in paragraph at lines 159--196
 [][] 
 []


Overfull \hbox (4.2828pt too wide) in paragraph at lines 159--196
 [][][][][][][][][][] 
 []


Overfull \hbox (4.2828pt too wide) in paragraph at lines 159--196
 [][][][][][] 
 []


Overfull \hbox (4.2828pt too wide) in paragraph at lines 159--196
 [][] 
 []


Overfull \hbox (4.2828pt too wide) in paragraph at lines 159--196
 [][][][][][] 
 []


Overfull \hbox (4.2828pt too wide) in paragraph at lines 159--196
 [][][][][][][][] 
 []


Overfull \hbox (4.2828pt too wide) in paragraph at lines 159--196
 [][][][] 
 []


Overfull \hbox (4.2828pt too wide) in paragraph at lines 159--196
 [][][][][][] 
 []


Overfull \hbox (4.2828pt too wide) in paragraph at lines 159--196
 [][][][] 
 []

\openout3 = `BasicSyntax.ptb'.


Overfull \hbox (8.42336pt too wide) detected at line 244
  |  
 []


Overfull \hbox (5.0636pt too wide) detected at line 244
  |  
 []


Overfull \hbox (8.26524pt too wide) in paragraph at lines 199--244
 [][][][] 
 []


Overfull \hbox (8.26524pt too wide) in paragraph at lines 199--244
 [][][][][][][][] 
 []


Overfull \hbox (8.26524pt too wide) in paragraph at lines 199--244
 [][][][][][][][] 
 []


Overfull \hbox (8.26524pt too wide) in paragraph at lines 199--244
 [][][][][][] 
 []


Overfull \hbox (8.26524pt too wide) in paragraph at lines 199--244
 [][][][][][] 
 []


Overfull \hbox (8.26524pt too wide) in paragraph at lines 199--244
 [][][][][][][][] 
 []


Overfull \hbox (8.26524pt too wide) in paragraph at lines 199--244
 [][][][][][][][] 
 []


Overfull \hbox (8.26524pt too wide) in paragraph at lines 199--244
 [][][][][][] 
 []


Overfull \hbox (8.26524pt too wide) in paragraph at lines 199--244
 [][] 
 []


Overfull \hbox (8.26524pt too wide) in paragraph at lines 199--244
 [][] 
 []


Overfull \hbox (8.26524pt too wide) in paragraph at lines 199--244
 [][][][][][] 
 []


Overfull \hbox (8.26524pt too wide) in paragraph at lines 199--244
 [][][][][][][][] 
 []


Overfull \hbox (8.26524pt too wide) in paragraph at lines 199--244
 [][][][][][] 
 []


Overfull \hbox (8.26524pt too wide) in paragraph at lines 199--244
 [][][][][][] 
 []


Overfull \hbox (8.26524pt too wide) in paragraph at lines 199--244
 [][][][] 
 []

\openout3 = `BasicSyntax.ptb'.


Overfull \hbox (8.19794pt too wide) detected at line 276
  |  
 []


Overfull \hbox (18.35619pt too wide) in paragraph at lines 248--276
 [][][][] 
 []


Overfull \hbox (18.35619pt too wide) in paragraph at lines 248--276
 [][][][][][][][][][] 
 []


Overfull \hbox (18.35619pt too wide) in paragraph at lines 248--276
 [][][][][][][][] 
 []


Overfull \hbox (18.35619pt too wide) in paragraph at lines 248--276
 [][][][][][] 
 []


Overfull \hbox (18.35619pt too wide) in paragraph at lines 248--276
 [][] 
 []


Overfull \hbox (18.35619pt too wide) in paragraph at lines 248--276
 [][][][][][][][] 
 []


Overfull \hbox (18.35619pt too wide) in paragraph at lines 248--276
 [][][][][][][][] 
 []


Overfull \hbox (18.35619pt too wide) in paragraph at lines 248--276
 [][][][][][] 
 []


Overfull \hbox (18.35619pt too wide) in paragraph at lines 248--276
 [][][][] 
 []


Underfull \vbox (badness 10000) has occurred while \output is active []

\openout3 = `BasicSyntax.ptb'.

) [7]
(./BasicSyntax.bbl) [8

] (./BasicSyntax.aux)

LaTeX Font Warning: Some font shapes were not available, defaults substituted.

 ) 
Here is how much of TeX's memory you used:
 9929 strings out of 493315
 132057 string characters out of 6137904
 259228 words of memory out of 5000000
 13108 multiletter control sequences out of 15000+600000
 84035 words of font info for 142 fonts, out of 8000000 for 9000
 957 hyphenation exceptions out of 8191
 41i,11n,115p,1250b,498s stack positions out of 5000i,500n,10000p,200000b,80000s
{/usr/local/texlive/2013/texmf-dist/fonts/enc/dvips/base/8r.enc}</usr/local/t
exlive/2013/texmf-dist/fonts/type1/public/amsfonts/cm/cmbx9.pfb></usr/local/tex
live/2013/texmf-dist/fonts/type1/public/amsfonts/cm/cmmi12.pfb></usr/local/texl
ive/2013/texmf-dist/fonts/type1/public/amsfonts/cm/cmmi6.pfb></usr/local/texliv
e/2013/texmf-dist/fonts/type1/public/amsfonts/cm/cmmi8.pfb></usr/local/texlive/
2013/texmf-dist/fonts/type1/public/amsfonts/cm/cmmi9.pfb></usr/local/texlive/20
13/texmf-dist/fonts/type1/public/amsfonts/cm/cmr6.pfb></usr/local/texlive/2013/
texmf-dist/fonts/type1/public/amsfonts/cm/cmr8.pfb></usr/local/texlive/2013/tex
mf-dist/fonts/type1/public/amsfonts/cm/cmr9.pfb></usr/local/texlive/2013/texmf-
dist/fonts/type1/public/amsfonts/cm/cmss8.pfb></usr/local/texlive/2013/texmf-di
st/fonts/type1/public/amsfonts/cm/cmss9.pfb></usr/local/texlive/2013/texmf-dist
/fonts/type1/public/amsfonts/cm/cmsy6.pfb></usr/local/texlive/2013/texmf-dist/f
onts/type1/public/amsfonts/cm/cmsy8.pfb></usr/local/texlive/2013/texmf-dist/fon
ts/type1/public/amsfonts/cm/cmsy9.pfb></usr/local/texlive/2013/texmf-dist/fonts
/type1/public/amsfonts/cm/cmti8.pfb></usr/local/texlive/2013/texmf-dist/fonts/t
ype1/public/amsfonts/cm/cmti9.pfb></usr/local/texlive/2013/texmf-dist/fonts/typ
e1/public/cbfonts/grmn0800.pfb></usr/local/texlive/2013/texmf-dist/fonts/type1/
public/cbfonts/grmn0900.pfb></usr/local/texlive/2013/texmf-dist/fonts/type1/pub
lic/amsfonts/symbols/msam10.pfb></usr/local/texlive/2013/texmf-dist/fonts/type1
/public/amsfonts/symbols/msbm10.pfb></usr/local/texlive/2013/texmf-dist/fonts/t
ype1/public/stmaryrd/stmary8.pfb></usr/local/texlive/2013/texmf-dist/fonts/type
1/urw/helvetic/uhvb8a.pfb></usr/local/texlive/2013/texmf-dist/fonts/type1/urw/h
elvetic/uhvr8a.pfb></usr/local/texlive/2013/texmf-dist/fonts/type1/urw/times/ut
mb8a.pfb></usr/local/texlive/2013/texmf-dist/fonts/type1/urw/times/utmri8a.pfb>
</usr/local/texlive/2013/texmf-dist/fonts/type1/public/xypic/xyatip10.pfb></usr
/local/texlive/2013/texmf-dist/fonts/type1/public/xypic/xybtip10.pfb>
Output written on BasicSyntax.pdf (8 pages, 293785 bytes).
PDF statistics:
 136 PDF objects out of 1000 (max. 8388607)
 99 compressed objects within 1 object stream
 0 named destinations out of 1000 (max. 500000)
 1 words of extra memory for PDF output out of 10000 (max. 10000000)

