This is pdfTeX, Version 3.1415926-2.4-1.40.13 (TeX Live 2012) (format=pdflatex 2013.9.23)  1 OCT 2013 14:27
entering extended mode
 restricted \write18 enabled.
 %&-line parsing enabled.
**\nonstopmode\nofiles\PassOptionsToPackage{active,tightpage,auctex}{preview}\A
tBeginDocument{\ifx\ifPreview\undefined\RequirePackage[displaymath,floats,graph
ics,textmath,sections,footnotes]{preview}[2004/11/05]\fi} \input _region_.tex
(./_region_.tex  !name(QuotientTypes.tex)
 !name(QuotientTypes.tex) !offset(9) 

! LaTeX Error: Missing \begin{document}.

See the LaTeX manual or LaTeX Companion for explanation.
Type  H <return>  for immediate help.
 ...                                              
                                                  
l.3 $
     \sim, one can form its
You're in trouble here.  Try typing  <return>  to proceed.
If that doesn't work, type  X <return>  to quit.

LaTeX Font Info:    External font `cmex10' loaded for size
(Font)              <7> on input line 3.
LaTeX Font Info:    External font `cmex10' loaded for size
(Font)              <5> on input line 3.
Missing character: There is no A in font nullfont!
Missing character: There is no / in font nullfont!
 !name(QuotientTypes.tex) !offset(-5) )
! Emergency stop.
<*> ...review}[2004/11/05]\fi} \input _region_.tex
                                                  
*** (job aborted, no legal \end found)

 
Here is how much of TeX's memory you used:
 10 strings out of 493488
 191 string characters out of 3141326
 49432 words of memory out of 3000000
 3417 multiletter control sequences out of 15000+200000
 3640 words of font info for 14 fonts, out of 3000000 for 9000
 957 hyphenation exceptions out of 8191
 18i,1n,12p,284b,56s stack positions out of 5000i,500n,10000p,200000b,50000s
!  ==> Fatal error occurred, no output PDF file produced!
