This is pdfTeX, Version 3.1415926-2.5-1.40.14 (TeX Live 2013) (format=pdflatex 2014.1.31)  9 APR 2014 09:38
entering extended mode
 restricted \write18 enabled.
 %&-line parsing enabled.
**Main.tex
(./Main.tex
LaTeX2e <2011/06/27>
Babel <3.9f> and hyphenation patterns for 78 languages loaded.
(./Thesis.cls
Document Class: Thesis 2007/22/02 v1.0 LaTeX document class
(/usr/local/texlive/2013/texmf-dist/tex/latex/base/book.cls
Document Class: book 2007/10/19 v1.4h Standard LaTeX document class
(/usr/local/texlive/2013/texmf-dist/tex/latex/base/bk11.clo
File: bk11.clo 2007/10/19 v1.4h Standard LaTeX file (size option)
)
\c@part=\count79
\c@chapter=\count80
\c@section=\count81
\c@subsection=\count82
\c@subsubsection=\count83
\c@paragraph=\count84
\c@subparagraph=\count85
\c@figure=\count86
\c@table=\count87
\abovecaptionskip=\skip41
\belowcaptionskip=\skip42
\bibindent=\dimen102
)
(/usr/local/texlive/2013/texmf-dist/tex/latex/setspace/setspace.sty
Package: setspace 2011/12/19 v6.7a set line spacing
)
(/usr/local/texlive/2013/texmf-dist/tex/latex/vmargin/vmargin.sty
Package: vmargin 2004/07/15 V2.5 set document margins (VK)

Package: vmargin 2004/07/15 V2.5 set document margins (VK)
\PaperWidth=\dimen103
\PaperHeight=\dimen104
) (/usr/local/texlive/2013/texmf-dist/tex/latex/base/inputenc.sty
Package: inputenc 2008/03/30 v1.1d Input encoding file
\inpenc@prehook=\toks14
\inpenc@posthook=\toks15

(/usr/local/texlive/2013/texmf-dist/tex/latex/base/utf8.def
File: utf8.def 2008/04/05 v1.1m UTF-8 support for inputenc
Now handling font encoding OML ...
... no UTF-8 mapping file for font encoding OML
Now handling font encoding T1 ...
... processing UTF-8 mapping file for font encoding T1

(/usr/local/texlive/2013/texmf-dist/tex/latex/base/t1enc.dfu
File: t1enc.dfu 2008/04/05 v1.1m UTF-8 support for inputenc
   defining Unicode char U+00A1 (decimal 161)
   defining Unicode char U+00A3 (decimal 163)
   defining Unicode char U+00AB (decimal 171)
   defining Unicode char U+00BB (decimal 187)
   defining Unicode char U+00BF (decimal 191)
   defining Unicode char U+00C0 (decimal 192)
   defining Unicode char U+00C1 (decimal 193)
   defining Unicode char U+00C2 (decimal 194)
   defining Unicode char U+00C3 (decimal 195)
   defining Unicode char U+00C4 (decimal 196)
   defining Unicode char U+00C5 (decimal 197)
   defining Unicode char U+00C6 (decimal 198)
   defining Unicode char U+00C7 (decimal 199)
   defining Unicode char U+00C8 (decimal 200)
   defining Unicode char U+00C9 (decimal 201)
   defining Unicode char U+00CA (decimal 202)
   defining Unicode char U+00CB (decimal 203)
   defining Unicode char U+00CC (decimal 204)
   defining Unicode char U+00CD (decimal 205)
   defining Unicode char U+00CE (decimal 206)
   defining Unicode char U+00CF (decimal 207)
   defining Unicode char U+00D0 (decimal 208)
   defining Unicode char U+00D1 (decimal 209)
   defining Unicode char U+00D2 (decimal 210)
   defining Unicode char U+00D3 (decimal 211)
   defining Unicode char U+00D4 (decimal 212)
   defining Unicode char U+00D5 (decimal 213)
   defining Unicode char U+00D6 (decimal 214)
   defining Unicode char U+00D8 (decimal 216)
   defining Unicode char U+00D9 (decimal 217)
   defining Unicode char U+00DA (decimal 218)
   defining Unicode char U+00DB (decimal 219)
   defining Unicode char U+00DC (decimal 220)
   defining Unicode char U+00DD (decimal 221)
   defining Unicode char U+00DE (decimal 222)
   defining Unicode char U+00DF (decimal 223)
   defining Unicode char U+00E0 (decimal 224)
   defining Unicode char U+00E1 (decimal 225)
   defining Unicode char U+00E2 (decimal 226)
   defining Unicode char U+00E3 (decimal 227)
   defining Unicode char U+00E4 (decimal 228)
   defining Unicode char U+00E5 (decimal 229)
   defining Unicode char U+00E6 (decimal 230)
   defining Unicode char U+00E7 (decimal 231)
   defining Unicode char U+00E8 (decimal 232)
   defining Unicode char U+00E9 (decimal 233)
   defining Unicode char U+00EA (decimal 234)
   defining Unicode char U+00EB (decimal 235)
   defining Unicode char U+00EC (decimal 236)
   defining Unicode char U+00ED (decimal 237)
   defining Unicode char U+00EE (decimal 238)
   defining Unicode char U+00EF (decimal 239)
   defining Unicode char U+00F0 (decimal 240)
   defining Unicode char U+00F1 (decimal 241)
   defining Unicode char U+00F2 (decimal 242)
   defining Unicode char U+00F3 (decimal 243)
   defining Unicode char U+00F4 (decimal 244)
   defining Unicode char U+00F5 (decimal 245)
   defining Unicode char U+00F6 (decimal 246)
   defining Unicode char U+00F8 (decimal 248)
   defining Unicode char U+00F9 (decimal 249)
   defining Unicode char U+00FA (decimal 250)
   defining Unicode char U+00FB (decimal 251)
   defining Unicode char U+00FC (decimal 252)
   defining Unicode char U+00FD (decimal 253)
   defining Unicode char U+00FE (decimal 254)
   defining Unicode char U+00FF (decimal 255)
   defining Unicode char U+0102 (decimal 258)
   defining Unicode char U+0103 (decimal 259)
   defining Unicode char U+0104 (decimal 260)
   defining Unicode char U+0105 (decimal 261)
   defining Unicode char U+0106 (decimal 262)
   defining Unicode char U+0107 (decimal 263)
   defining Unicode char U+010C (decimal 268)
   defining Unicode char U+010D (decimal 269)
   defining Unicode char U+010E (decimal 270)
   defining Unicode char U+010F (decimal 271)
   defining Unicode char U+0110 (decimal 272)
   defining Unicode char U+0111 (decimal 273)
   defining Unicode char U+0118 (decimal 280)
   defining Unicode char U+0119 (decimal 281)
   defining Unicode char U+011A (decimal 282)
   defining Unicode char U+011B (decimal 283)
   defining Unicode char U+011E (decimal 286)
   defining Unicode char U+011F (decimal 287)
   defining Unicode char U+0130 (decimal 304)
   defining Unicode char U+0131 (decimal 305)
   defining Unicode char U+0132 (decimal 306)
   defining Unicode char U+0133 (decimal 307)
   defining Unicode char U+0139 (decimal 313)
   defining Unicode char U+013A (decimal 314)
   defining Unicode char U+013D (decimal 317)
   defining Unicode char U+013E (decimal 318)
   defining Unicode char U+0141 (decimal 321)
   defining Unicode char U+0142 (decimal 322)
   defining Unicode char U+0143 (decimal 323)
   defining Unicode char U+0144 (decimal 324)
   defining Unicode char U+0147 (decimal 327)
   defining Unicode char U+0148 (decimal 328)
   defining Unicode char U+014A (decimal 330)
   defining Unicode char U+014B (decimal 331)
   defining Unicode char U+0150 (decimal 336)
   defining Unicode char U+0151 (decimal 337)
   defining Unicode char U+0152 (decimal 338)
   defining Unicode char U+0153 (decimal 339)
   defining Unicode char U+0154 (decimal 340)
   defining Unicode char U+0155 (decimal 341)
   defining Unicode char U+0158 (decimal 344)
   defining Unicode char U+0159 (decimal 345)
   defining Unicode char U+015A (decimal 346)
   defining Unicode char U+015B (decimal 347)
   defining Unicode char U+015E (decimal 350)
   defining Unicode char U+015F (decimal 351)
   defining Unicode char U+0160 (decimal 352)
   defining Unicode char U+0161 (decimal 353)
   defining Unicode char U+0162 (decimal 354)
   defining Unicode char U+0163 (decimal 355)
   defining Unicode char U+0164 (decimal 356)
   defining Unicode char U+0165 (decimal 357)
   defining Unicode char U+016E (decimal 366)
   defining Unicode char U+016F (decimal 367)
   defining Unicode char U+0170 (decimal 368)
   defining Unicode char U+0171 (decimal 369)
   defining Unicode char U+0178 (decimal 376)
   defining Unicode char U+0179 (decimal 377)
   defining Unicode char U+017A (decimal 378)
   defining Unicode char U+017B (decimal 379)
   defining Unicode char U+017C (decimal 380)
   defining Unicode char U+017D (decimal 381)
   defining Unicode char U+017E (decimal 382)
   defining Unicode char U+200C (decimal 8204)
   defining Unicode char U+2013 (decimal 8211)
   defining Unicode char U+2014 (decimal 8212)
   defining Unicode char U+2018 (decimal 8216)
   defining Unicode char U+2019 (decimal 8217)
   defining Unicode char U+201A (decimal 8218)
   defining Unicode char U+201C (decimal 8220)
   defining Unicode char U+201D (decimal 8221)
   defining Unicode char U+201E (decimal 8222)
   defining Unicode char U+2030 (decimal 8240)
   defining Unicode char U+2031 (decimal 8241)
   defining Unicode char U+2039 (decimal 8249)
   defining Unicode char U+203A (decimal 8250)
   defining Unicode char U+2423 (decimal 9251)
)
Now handling font encoding OT1 ...
... processing UTF-8 mapping file for font encoding OT1

(/usr/local/texlive/2013/texmf-dist/tex/latex/base/ot1enc.dfu
File: ot1enc.dfu 2008/04/05 v1.1m UTF-8 support for inputenc
   defining Unicode char U+00A1 (decimal 161)
   defining Unicode char U+00A3 (decimal 163)
   defining Unicode char U+00B8 (decimal 184)
   defining Unicode char U+00BF (decimal 191)
   defining Unicode char U+00C5 (decimal 197)
   defining Unicode char U+00C6 (decimal 198)
   defining Unicode char U+00D8 (decimal 216)
   defining Unicode char U+00DF (decimal 223)
   defining Unicode char U+00E6 (decimal 230)
   defining Unicode char U+00EC (decimal 236)
   defining Unicode char U+00ED (decimal 237)
   defining Unicode char U+00EE (decimal 238)
   defining Unicode char U+00EF (decimal 239)
   defining Unicode char U+00F8 (decimal 248)
   defining Unicode char U+0131 (decimal 305)
   defining Unicode char U+0141 (decimal 321)
   defining Unicode char U+0142 (decimal 322)
   defining Unicode char U+0152 (decimal 338)
   defining Unicode char U+0153 (decimal 339)
   defining Unicode char U+2013 (decimal 8211)
   defining Unicode char U+2014 (decimal 8212)
   defining Unicode char U+2018 (decimal 8216)
   defining Unicode char U+2019 (decimal 8217)
   defining Unicode char U+201C (decimal 8220)
   defining Unicode char U+201D (decimal 8221)
)
Now handling font encoding OMS ...
... processing UTF-8 mapping file for font encoding OMS

(/usr/local/texlive/2013/texmf-dist/tex/latex/base/omsenc.dfu
File: omsenc.dfu 2008/04/05 v1.1m UTF-8 support for inputenc
   defining Unicode char U+00A7 (decimal 167)
   defining Unicode char U+00B6 (decimal 182)
   defining Unicode char U+00B7 (decimal 183)
   defining Unicode char U+2020 (decimal 8224)
   defining Unicode char U+2021 (decimal 8225)
   defining Unicode char U+2022 (decimal 8226)
)
Now handling font encoding OMX ...
... no UTF-8 mapping file for font encoding OMX
Now handling font encoding U ...
... no UTF-8 mapping file for font encoding U
   defining Unicode char U+00A9 (decimal 169)
   defining Unicode char U+00AA (decimal 170)
   defining Unicode char U+00AE (decimal 174)
   defining Unicode char U+00BA (decimal 186)
   defining Unicode char U+02C6 (decimal 710)
   defining Unicode char U+02DC (decimal 732)
   defining Unicode char U+200C (decimal 8204)
   defining Unicode char U+2026 (decimal 8230)
   defining Unicode char U+2122 (decimal 8482)
   defining Unicode char U+2423 (decimal 9251)
))
(/usr/local/texlive/2013/texmf-dist/tex/latex/fancyhdr/fancyhdr.sty
\fancy@headwidth=\skip43
\f@ncyO@elh=\skip44
\f@ncyO@erh=\skip45
\f@ncyO@olh=\skip46
\f@ncyO@orh=\skip47
\f@ncyO@elf=\skip48
\f@ncyO@erf=\skip49
\f@ncyO@olf=\skip50
\f@ncyO@orf=\skip51
)
(/usr/local/texlive/2013/texmf-dist/tex/latex/amsmath/amsmath.sty
Package: amsmath 2013/01/14 v2.14 AMS math features
\@mathmargin=\skip52

For additional information on amsmath, use the `?' option.
(/usr/local/texlive/2013/texmf-dist/tex/latex/amsmath/amstext.sty
Package: amstext 2000/06/29 v2.01

(/usr/local/texlive/2013/texmf-dist/tex/latex/amsmath/amsgen.sty
File: amsgen.sty 1999/11/30 v2.0
\@emptytoks=\toks16
\ex@=\dimen105
))
(/usr/local/texlive/2013/texmf-dist/tex/latex/amsmath/amsbsy.sty
Package: amsbsy 1999/11/29 v1.2d
\pmbraise@=\dimen106
)
(/usr/local/texlive/2013/texmf-dist/tex/latex/amsmath/amsopn.sty
Package: amsopn 1999/12/14 v2.01 operator names
)
\inf@bad=\count88
LaTeX Info: Redefining \frac on input line 210.
\uproot@=\count89
\leftroot@=\count90
LaTeX Info: Redefining \overline on input line 306.
\classnum@=\count91
\DOTSCASE@=\count92
LaTeX Info: Redefining \ldots on input line 378.
LaTeX Info: Redefining \dots on input line 381.
LaTeX Info: Redefining \cdots on input line 466.
\Mathstrutbox@=\box26
\strutbox@=\box27
\big@size=\dimen107
LaTeX Font Info:    Redeclaring font encoding OML on input line 566.
LaTeX Font Info:    Redeclaring font encoding OMS on input line 567.
\macc@depth=\count93
\c@MaxMatrixCols=\count94
\dotsspace@=\muskip10
\c@parentequation=\count95
\dspbrk@lvl=\count96
\tag@help=\toks17
\row@=\count97
\column@=\count98
\maxfields@=\count99
\andhelp@=\toks18
\eqnshift@=\dimen108
\alignsep@=\dimen109
\tagshift@=\dimen110
\tagwidth@=\dimen111
\totwidth@=\dimen112
\lineht@=\dimen113
\@envbody=\toks19
\multlinegap=\skip53
\multlinetaggap=\skip54
\mathdisplay@stack=\toks20
LaTeX Info: Redefining \[ on input line 2665.
LaTeX Info: Redefining \] on input line 2666.
)
(/usr/local/texlive/2013/texmf-dist/tex/latex/amsfonts/amsfonts.sty
Package: amsfonts 2013/01/14 v3.01 Basic AMSFonts support
\symAMSa=\mathgroup4
\symAMSb=\mathgroup5
LaTeX Font Info:    Overwriting math alphabet `\mathfrak' in version `bold'
(Font)                  U/euf/m/n --> U/euf/b/n on input line 106.
)
(/usr/local/texlive/2013/texmf-dist/tex/latex/amsfonts/amssymb.sty
Package: amssymb 2013/01/14 v3.01 AMS font symbols
)
(/usr/local/texlive/2013/texmf-dist/tex/latex/amsmath/amscd.sty
Package: amscd 1999/11/29 v2.0
\athelp@=\toks21
\minaw@=\dimen114
\bigaw@=\dimen115
\minCDarrowwidth=\dimen116
)
(/usr/local/texlive/2013/texmf-dist/tex/latex/amscls/amsthm.sty
Package: amsthm 2004/08/06 v2.20
\thm@style=\toks22
\thm@bodyfont=\toks23
\thm@headfont=\toks24
\thm@notefont=\toks25
\thm@headpunct=\toks26
\thm@preskip=\skip55
\thm@postskip=\skip56
\thm@headsep=\skip57
\dth@everypar=\toks27
)
(/usr/local/texlive/2013/texmf-dist/tex/latex/tools/xspace.sty
Package: xspace 2009/10/20 v1.13 Space after command names (DPC,MH)
)
\c@example=\count100
\c@theorem=\count101

(/usr/local/texlive/2013/texmf-dist/tex/latex/caption/caption.sty
Package: caption 2013/05/02 v3.3-89 Customizing captions (AR)

(/usr/local/texlive/2013/texmf-dist/tex/latex/caption/caption3.sty
Package: caption3 2013/05/02 v1.6-88 caption3 kernel (AR)
Package caption3 Info: TeX engine: e-TeX on input line 57.

(/usr/local/texlive/2013/texmf-dist/tex/latex/graphics/keyval.sty
Package: keyval 1999/03/16 v1.13 key=value parser (DPC)
\KV@toks@=\toks28
)
\captionmargin=\dimen117
\captionmargin@=\dimen118
\captionwidth=\dimen119
\caption@tempdima=\dimen120
\caption@indent=\dimen121
\caption@parindent=\dimen122
\caption@hangindent=\dimen123
)
\c@ContinuedFloat=\count102
)
(/usr/local/texlive/2013/texmf-dist/tex/latex/graphics/graphicx.sty
Package: graphicx 1999/02/16 v1.0f Enhanced LaTeX Graphics (DPC,SPQR)

(/usr/local/texlive/2013/texmf-dist/tex/latex/graphics/graphics.sty
Package: graphics 2009/02/05 v1.0o Standard LaTeX Graphics (DPC,SPQR)

(/usr/local/texlive/2013/texmf-dist/tex/latex/graphics/trig.sty
Package: trig 1999/03/16 v1.09 sin cos tan (DPC)
)
(/usr/local/texlive/2013/texmf-dist/tex/latex/latexconfig/graphics.cfg
File: graphics.cfg 2010/04/23 v1.9 graphics configuration of TeX Live
)
Package graphics Info: Driver file: pdftex.def on input line 91.

(/usr/local/texlive/2013/texmf-dist/tex/latex/pdftex-def/pdftex.def
File: pdftex.def 2011/05/27 v0.06d Graphics/color for pdfTeX

(/usr/local/texlive/2013/texmf-dist/tex/generic/oberdiek/infwarerr.sty
Package: infwarerr 2010/04/08 v1.3 Providing info/warning/error messages (HO)
)
(/usr/local/texlive/2013/texmf-dist/tex/generic/oberdiek/ltxcmds.sty
Package: ltxcmds 2011/11/09 v1.22 LaTeX kernel commands for general use (HO)
)
\Gread@gobject=\count103
))
\Gin@req@height=\dimen124
\Gin@req@width=\dimen125
)
(/usr/local/texlive/2013/texmf-dist/tex/latex/oberdiek/epstopdf.sty
Package: epstopdf 2010/02/09 v2.5 Conversion with epstopdf on the fly (HO)

(/usr/local/texlive/2013/texmf-dist/tex/latex/oberdiek/epstopdf-base.sty
Package: epstopdf-base 2010/02/09 v2.5 Base part for package epstopdf

(/usr/local/texlive/2013/texmf-dist/tex/latex/oberdiek/grfext.sty
Package: grfext 2010/08/19 v1.1 Manage graphics extensions (HO)

(/usr/local/texlive/2013/texmf-dist/tex/generic/oberdiek/kvdefinekeys.sty
Package: kvdefinekeys 2011/04/07 v1.3 Define keys (HO)
))
(/usr/local/texlive/2013/texmf-dist/tex/latex/oberdiek/kvoptions.sty
Package: kvoptions 2011/06/30 v3.11 Key value format for package options (HO)

(/usr/local/texlive/2013/texmf-dist/tex/generic/oberdiek/kvsetkeys.sty
Package: kvsetkeys 2012/04/25 v1.16 Key value parser (HO)

(/usr/local/texlive/2013/texmf-dist/tex/generic/oberdiek/etexcmds.sty
Package: etexcmds 2011/02/16 v1.5 Avoid name clashes with e-TeX commands (HO)

(/usr/local/texlive/2013/texmf-dist/tex/generic/oberdiek/ifluatex.sty
Package: ifluatex 2010/03/01 v1.3 Provides the ifluatex switch (HO)
Package ifluatex Info: LuaTeX not detected.
)
Package etexcmds Info: Could not find \expanded.
(etexcmds)             That can mean that you are not using pdfTeX 1.50 or
(etexcmds)             that some package has redefined \expanded.
(etexcmds)             In the latter case, load this package earlier.
)))
(/usr/local/texlive/2013/texmf-dist/tex/generic/oberdiek/pdftexcmds.sty
Package: pdftexcmds 2011/11/29 v0.20 Utility functions of pdfTeX for LuaTeX (HO
)

(/usr/local/texlive/2013/texmf-dist/tex/generic/oberdiek/ifpdf.sty
Package: ifpdf 2011/01/30 v2.3 Provides the ifpdf switch (HO)
Package ifpdf Info: pdfTeX in PDF mode is detected.
)
Package pdftexcmds Info: LuaTeX not detected.
Package pdftexcmds Info: \pdf@primitive is available.
Package pdftexcmds Info: \pdf@ifprimitive is available.
Package pdftexcmds Info: \pdfdraftmode found.
)
Package grfext Info: Graphics extension search list:
(grfext)             [.png,.pdf,.jpg,.mps,.jpeg,.jbig2,.jb2,.PNG,.PDF,.JPG,.JPE
G,.JBIG2,.JB2,.eps]
(grfext)             \AppendGraphicsExtensions on input line 452.

(/usr/local/texlive/2013/texmf-dist/tex/latex/latexconfig/epstopdf-sys.cfg
File: epstopdf-sys.cfg 2010/07/13 v1.3 Configuration of (r)epstopdf for TeX Liv
e
)))
(/usr/local/texlive/2013/texmf-dist/tex/latex/subfigure/subfigure.sty
Package: subfigure 2002/03/15 v2.1.5 subfigure package
\subfigtopskip=\skip58
\subfigcapskip=\skip59
\subfigcaptopadj=\dimen126
\subfigbottomskip=\skip60
\subfigcapmargin=\dimen127
\subfiglabelskip=\skip61
\c@subfigure=\count104
\c@lofdepth=\count105
\c@subtable=\count106
\c@lotdepth=\count107

****************************************
* Local config file subfigure.cfg used *
****************************************
(/usr/local/texlive/2013/texmf-dist/tex/latex/subfigure/subfigure.cfg)
\subfig@top=\skip62
\subfig@bottom=\skip63
)
(/usr/local/texlive/2013/texmf-dist/tex/latex/booktabs/booktabs.sty
Package: booktabs 2005/04/14 v1.61803 publication quality tables
\heavyrulewidth=\dimen128
\lightrulewidth=\dimen129
\cmidrulewidth=\dimen130
\belowrulesep=\dimen131
\belowbottomsep=\dimen132
\aboverulesep=\dimen133
\abovetopsep=\dimen134
\cmidrulesep=\dimen135
\cmidrulekern=\dimen136
\defaultaddspace=\dimen137
\@cmidla=\count108
\@cmidlb=\count109
\@aboverulesep=\dimen138
\@belowrulesep=\dimen139
\@thisruleclass=\count110
\@lastruleclass=\count111
\@thisrulewidth=\dimen140
)
(/usr/local/texlive/2013/texmf-dist/tex/latex/rotating/rotating.sty
Package: rotating 2009/03/28 v2.16a rotated objects in LaTeX

(/usr/local/texlive/2013/texmf-dist/tex/latex/base/ifthen.sty
Package: ifthen 2001/05/26 v1.1c Standard LaTeX ifthen package (DPC)
)
\c@r@tfl@t=\count112
\rotFPtop=\skip64
\rotFPbot=\skip65
\rot@float@box=\box28
\rot@mess@toks=\toks29
)
(/usr/local/texlive/2013/texmf-dist/tex/latex/listings/listings.sty
\lst@mode=\count113
\lst@gtempboxa=\box29
\lst@token=\toks30
\lst@length=\count114
\lst@currlwidth=\dimen141
\lst@column=\count115
\lst@pos=\count116
\lst@lostspace=\dimen142
\lst@width=\dimen143
\lst@newlines=\count117
\lst@lineno=\count118
\lst@maxwidth=\dimen144

(./lstpatch.sty

***
*** This is a patch for listings 1.3, but you're using
*** version 1.4.
***
*** Patch file not loaded.
***

) (/usr/local/texlive/2013/texmf-dist/tex/latex/listings/lstmisc.sty
File: lstmisc.sty 2007/02/22 1.4 (Carsten Heinz)
\c@lstnumber=\count119
\lst@skipnumbers=\count120
\lst@framebox=\box30
)
(/usr/local/texlive/2013/texmf-dist/tex/latex/listings/listings.cfg
File: listings.cfg 2007/02/22 1.4 listings configuration
))
Package: listings 2007/02/22 1.4 (Carsten Heinz)

(./lstpatch.sty

***
*** This is a patch for listings 1.3, but you're using
*** version 1.4.
***
 *** Patch file not loaded.
***

) (/usr/local/texlive/2013/texmf-dist/tex/latex/hyperref/hyperref.sty
Package: hyperref 2012/11/06 v6.83m Hypertext links for LaTeX

(/usr/local/texlive/2013/texmf-dist/tex/generic/oberdiek/hobsub-hyperref.sty
Package: hobsub-hyperref 2012/05/28 v1.13 Bundle oberdiek, subset hyperref (HO)


(/usr/local/texlive/2013/texmf-dist/tex/generic/oberdiek/hobsub-generic.sty
Package: hobsub-generic 2012/05/28 v1.13 Bundle oberdiek, subset generic (HO)
Package: hobsub 2012/05/28 v1.13 Construct package bundles (HO)
Package hobsub Info: Skipping package `infwarerr' (already loaded).
Package hobsub Info: Skipping package `ltxcmds' (already loaded).
Package hobsub Info: Skipping package `ifluatex' (already loaded).
Package: ifvtex 2010/03/01 v1.5 Detect VTeX and its facilities (HO)
Package ifvtex Info: VTeX not detected.
Package: intcalc 2007/09/27 v1.1 Expandable calculations with integers (HO)
Package hobsub Info: Skipping package `ifpdf' (already loaded).
Package hobsub Info: Skipping package `etexcmds' (already loaded).
Package hobsub Info: Skipping package `kvsetkeys' (already loaded).
Package hobsub Info: Skipping package `kvdefinekeys' (already loaded).
Package hobsub Info: Skipping package `pdftexcmds' (already loaded).
Package: pdfescape 2011/11/25 v1.13 Implements pdfTeX's escape features (HO)
Package: bigintcalc 2012/04/08 v1.3 Expandable calculations on big integers (HO
)
Package: bitset 2011/01/30 v1.1 Handle bit-vector datatype (HO)
Package: uniquecounter 2011/01/30 v1.2 Provide unlimited unique counter (HO)
)
Package hobsub Info: Skipping package `hobsub' (already loaded).
Package: letltxmacro 2010/09/02 v1.4 Let assignment for LaTeX macros (HO)
Package: hopatch 2012/05/28 v1.2 Wrapper for package hooks (HO)
Package: xcolor-patch 2011/01/30 xcolor patch
Package: atveryend 2011/06/30 v1.8 Hooks at the very end of document (HO)
Package atveryend Info: \enddocument detected (standard20110627).
Package: atbegshi 2011/10/05 v1.16 At begin shipout hook (HO)
Package: refcount 2011/10/16 v3.4 Data extraction from label references (HO)
Package: hycolor 2011/01/30 v1.7 Color options for hyperref/bookmark (HO)
)
(/usr/local/texlive/2013/texmf-dist/tex/generic/ifxetex/ifxetex.sty
Package: ifxetex 2010/09/12 v0.6 Provides ifxetex conditional
)
(/usr/local/texlive/2013/texmf-dist/tex/latex/oberdiek/auxhook.sty
Package: auxhook 2011/03/04 v1.3 Hooks for auxiliary files (HO)
)
\@linkdim=\dimen145
\Hy@linkcounter=\count121
\Hy@pagecounter=\count122

(/usr/local/texlive/2013/texmf-dist/tex/latex/hyperref/pd1enc.def
File: pd1enc.def 2012/11/06 v6.83m Hyperref: PDFDocEncoding definition (HO)
Now handling font encoding PD1 ...
... no UTF-8 mapping file for font encoding PD1
)
\Hy@SavedSpaceFactor=\count123

(/usr/local/texlive/2013/texmf-dist/tex/latex/latexconfig/hyperref.cfg
File: hyperref.cfg 2002/06/06 v1.2 hyperref configuration of TeXLive
)
Package hyperref Info: Option `bookmarks' set `true' on input line 4319.
Package hyperref Info: Option `bookmarksopen' set `true' on input line 4319.
Package hyperref Info: Option `bookmarksnumbered' set `true' on input line 4319
.
Package hyperref Info: Option `hypertexnames' set `false' on input line 4319.
Package hyperref Info: Option `colorlinks' set `true' on input line 4319.
Package hyperref Info: Option `unicode' set `true' on input line 4319.

(/usr/local/texlive/2013/texmf-dist/tex/latex/hyperref/puenc.def
File: puenc.def 2012/11/06 v6.83m Hyperref: PDF Unicode definition (HO)
Now handling font encoding PU ...
... no UTF-8 mapping file for font encoding PU
)
Package hyperref Info: Option `breaklinks' set `true' on input line 4319.
Package hyperref Info: Hyper figures OFF on input line 4443.
Package hyperref Info: Link nesting OFF on input line 4448.
Package hyperref Info: Hyper index ON on input line 4451.
Package hyperref Info: Plain pages OFF on input line 4458.
Package hyperref Info: Backreferencing OFF on input line 4463.
Package hyperref Info: Implicit mode ON; LaTeX internals redefined.
Package hyperref Info: Bookmarks ON on input line 4688.
\c@Hy@tempcnt=\count124

(/usr/local/texlive/2013/texmf-dist/tex/latex/url/url.sty
\Urlmuskip=\muskip11
Package: url 2006/04/12  ver 3.3  Verb mode for urls, etc.
)
LaTeX Info: Redefining \url on input line 5041.
\XeTeXLinkMargin=\dimen146
\Fld@menulength=\count125
\Field@Width=\dimen147
\Fld@charsize=\dimen148
Package hyperref Info: Hyper figures OFF on input line 6295.
Package hyperref Info: Link nesting OFF on input line 6300.
Package hyperref Info: Hyper index ON on input line 6303.
Package hyperref Info: backreferencing OFF on input line 6310.
Package hyperref Info: Link coloring ON on input line 6313.
Package hyperref Info: Link coloring with OCG OFF on input line 6320.
Package hyperref Info: PDF/A mode OFF on input line 6325.
LaTeX Info: Redefining \ref on input line 6365.
LaTeX Info: Redefining \pageref on input line 6369.
\Hy@abspage=\count126
\c@Item=\count127
\c@Hfootnote=\count128
)

Package hyperref Message: Driver (autodetected): hpdftex.

(/usr/local/texlive/2013/texmf-dist/tex/latex/hyperref/hpdftex.def
File: hpdftex.def 2012/11/06 v6.83m Hyperref driver for pdfTeX
\Fld@listcount=\count129
\c@bookmark@seq@number=\count130

(/usr/local/texlive/2013/texmf-dist/tex/latex/oberdiek/rerunfilecheck.sty
Package: rerunfilecheck 2011/04/15 v1.7 Rerun checks for auxiliary files (HO)
Package uniquecounter Info: New unique counter `rerunfilecheck' on input line 2
82.
)
\Hy@SectionHShift=\skip66
)
\c@dummy=\count131

(/usr/local/texlive/2013/texmf-dist/tex/latex/tools/longtable.sty
Package: longtable 2004/02/01 v4.11 Multi-page Table package (DPC)
\LTleft=\skip67
\LTright=\skip68
\LTpre=\skip69
\LTpost=\skip70
\LTchunksize=\count132
\LTcapwidth=\dimen149
\LT@head=\box31
\LT@firsthead=\box32
\LT@foot=\box33
\LT@lastfoot=\box34
\LT@cols=\count133
\LT@rows=\count134
\c@LT@tables=\count135
\c@LT@chunks=\count136
\LT@p@ftn=\toks31
))
(/usr/local/texlive/2013/texmf-dist/tex/latex/etex-pkg/etex.sty
Package: etex 1998/03/26 v2.0 eTeX basic definition package (PEB)
\et@xins=\count137
)
(/usr/local/texlive/2013/texmf-dist/tex/generic/xypic/xy.sty
(/usr/local/texlive/2013/texmf-dist/tex/generic/xypic/xy.tex Bootstrap'ing:
catcodes, docmode,
(/usr/local/texlive/2013/texmf-dist/tex/generic/xypic/xyrecat.tex)
(/usr/local/texlive/2013/texmf-dist/tex/generic/xypic/xyidioms.tex)

 Xy-pic version 3.8.8 <2012/05/24>
 Copyright (c) 1991-2011 by Kristoffer H. Rose <krisrose@tug.org>
 Xy-pic is free software: see the User's Guide for details.

Loading kernel: messages; fonts; allocations: state,
\X@c=\dimen150
\Y@c=\dimen151
\U@c=\dimen152
\D@c=\dimen153
\L@c=\dimen154
\R@c=\dimen155
\Edge@c=\toks32
\X@p=\dimen156
\Y@p=\dimen157
\U@p=\dimen158
\D@p=\dimen159
\L@p=\dimen160
\R@p=\dimen161
\Edge@p=\toks33
\X@origin=\dimen162
\Y@origin=\dimen163
\X@xbase=\dimen164
\Y@xbase=\dimen165
\X@ybase=\dimen166
\Y@ybase=\dimen167
\X@min=\dimen168
\Y@min=\dimen169
\X@max=\dimen170
\Y@max=\dimen171
\lastobjectbox@=\box35
\zerodotbox@=\box36
\almostz@=\dimen172
 direction,
\d@X=\dimen173
\d@Y=\dimen174
\K@=\count138
\KK@=\count139
\Direction=\count140
\K@dXdY=\dimen175
\K@dYdX=\dimen176
\xyread@=\read1
\xywrite@=\write3
\csp@=\count141
\quotPTK@=\dimen177

utility macros; pictures: \xy, positions,
\swaptoks@@=\toks34
\connectobjectbox@@=\box37
 objects,
\styletoks@=\toks35
 decorations;
kernel objects: directionals, circles, text; options; algorithms: directions,
edges, connections;  Xy-pic loaded)
Package: xy 2012/05/24 Xy-pic version 3.8.8

(/usr/local/texlive/2013/texmf-dist/tex/generic/xypic/xyall.tex
 Xy-pic option: All features v.3.8
(/usr/local/texlive/2013/texmf-dist/tex/generic/xypic/xycurve.tex
 Xy-pic option: Curve and Spline extension v.3.12 curve,
\crv@cnt@=\count142
\crvpts@=\toks36
\splinebox@=\box38
\splineval@=\dimen178
\splinedepth@=\dimen179
\splinetol@=\dimen180
\splinelength@=\dimen181
 circles,
\L@=\dimen182
 loaded)
(/usr/local/texlive/2013/texmf-dist/tex/generic/xypic/xyframe.tex
 Xy-pic option: Frame and Bracket extension v.3.14 loaded)
(/usr/local/texlive/2013/texmf-dist/tex/generic/xypic/xycmtip.tex
 Xy-pic option: Computer Modern tip extension v.3.7
(/usr/local/texlive/2013/texmf-dist/tex/generic/xypic/xytips.tex
 Xy-pic option: More Tips extension v.3.9 loaded) loaded)
(/usr/local/texlive/2013/texmf-dist/tex/generic/xypic/xyline.tex
 Xy-pic option: Line styles extension v.3.10
\xylinethick@=\dimen183
 loaded)
(/usr/local/texlive/2013/texmf-dist/tex/generic/xypic/xyrotate.tex
 Xy-pic option: Rotate and Scale extension v.3.8 loaded)
(/usr/local/texlive/2013/texmf-dist/tex/generic/xypic/xycolor.tex
 Xy-pic option: Colour extension v.3.11 loaded)
(/usr/local/texlive/2013/texmf-dist/tex/generic/xypic/xymatrix.tex
 Xy-pic option: Matrix feature v.3.14
\Row=\count143
\Col=\count144
\queue@=\toks37
\queue@@=\toks38
\qcount@=\count145
\qcount@@=\count146
\matrixsize@=\count147
 loaded)
(/usr/local/texlive/2013/texmf-dist/tex/generic/xypic/xyarrow.tex
 Xy-pic option: Arrow and Path feature v.3.9 path, \ar, loaded)
(/usr/local/texlive/2013/texmf-dist/tex/generic/xypic/xygraph.tex
 Xy-pic option: Graph feature v.3.11 loaded) loaded)
(/usr/local/texlive/2013/texmf-dist/tex/generic/xypic/xypdf.tex
 Xy-pic option: PDF driver v.1.7 Xy-pic pdf driver: `color' extension support
(/usr/local/texlive/2013/texmf-dist/tex/generic/xypic/xypdf-co.tex loaded)
Xy-pic pdf driver: `curve' extension support
(/usr/local/texlive/2013/texmf-dist/tex/generic/xypic/xypdf-cu.tex loaded)
Xy-pic pdf driver: `frame' extension support
(/usr/local/texlive/2013/texmf-dist/tex/generic/xypic/xypdf-fr.tex loaded)
Xy-pic pdf driver: `line' extension support
(/usr/local/texlive/2013/texmf-dist/tex/generic/xypic/xypdf-li.tex loaded)
Xy-pic pdf driver: `rotate' extension support
(/usr/local/texlive/2013/texmf-dist/tex/generic/xypic/xypdf-ro.tex loaded)
loaded)) (./agda.sty
Package: agda 

(/usr/local/texlive/2013/texmf-dist/tex/latex/xcolor/xcolor.sty
Package: xcolor 2007/01/21 v2.11 LaTeX color extensions (UK)

(/usr/local/texlive/2013/texmf-dist/tex/latex/latexconfig/color.cfg
File: color.cfg 2007/01/18 v1.5 color configuration of teTeX/TeXLive
)
Package xcolor Info: Driver file: pdftex.def on input line 225.
Package xcolor Info: Model `cmy' substituted by `cmy0' on input line 1337.
Package xcolor Info: Model `hsb' substituted by `rgb' on input line 1341.
Package xcolor Info: Model `RGB' extended on input line 1353.
Package xcolor Info: Model `HTML' substituted by `rgb' on input line 1355.
Package xcolor Info: Model `Hsb' substituted by `hsb' on input line 1356.
Package xcolor Info: Model `tHsb' substituted by `hsb' on input line 1357.
Package xcolor Info: Model `HSB' substituted by `hsb' on input line 1358.
Package xcolor Info: Model `Gray' substituted by `gray' on input line 1359.
Package xcolor Info: Model `wave' substituted by `hsb' on input line 1360.
)
(/usr/local/texlive/2013/texmf-dist/tex/latex/polytable/polytable.sty
Package: polytable 2005/04/26 v0.8.2 `polytable' package (Andres Loeh)

(/usr/local/texlive/2013/texmf-dist/tex/latex/lazylist/lazylist.sty)
(/usr/local/texlive/2013/texmf-dist/tex/latex/tools/array.sty
Package: array 2008/09/09 v2.4c Tabular extension package (FMi)
\col@sep=\dimen184
\extrarowheight=\dimen185
\NC@list=\toks39
\extratabsurround=\skip71
\backup@length=\skip72
)
\PT@colwidth=\dimen186
\PT@cols=\count148
\PT@table=\count149
\PT@toks=\toks40
\PT@in=\read2
\PT@out=\write4
)
(/usr/local/texlive/2013/texmf-dist/tex/latex/ucs/ucs.sty
Package: ucs 2013/05/11 v2.2 UCS: Unicode input support

(/usr/local/texlive/2013/texmf-dist/tex/latex/ucs/data/uni-global.def
File: uni-global.def 2013/05/13 UCS: Unicode global data
)
\uc@secondtry=\count150
\uc@combtoks=\toks41
\uc@combtoksb=\toks42
\uc@temptokena=\toks43
)
(/usr/local/texlive/2013/texmf-dist/tex/latex/tipa/tipa.sty
Package: tipa 2002/08/08 TIPA version 1.1

(/usr/local/texlive/2013/texmf-dist/tex/latex/base/fontenc.sty
Package: fontenc 2005/09/27 v1.99g Standard LaTeX package

(/usr/local/texlive/2013/texmf-dist/tex/latex/tipa/t3enc.def
File: t3enc.def 2001/12/31 T3 encoding
Now handling font encoding T3 ...
... no UTF-8 mapping file for font encoding T3
)
(/usr/local/texlive/2013/texmf-dist/tex/latex/base/ot1enc.def
File: ot1enc.def 2005/09/27 v1.99g Standard LaTeX file
LaTeX Font Info:    Redeclaring font encoding OT1 on input line 43.
)))
(/usr/local/texlive/2013/texmf-dist/tex/latex/base/fontenc.sty
Package: fontenc 2005/09/27 v1.99g Standard LaTeX package

(/usr/local/texlive/2013/texmf-dist/tex/latex/base/t1enc.def
File: t1enc.def 2005/09/27 v1.99g Standard LaTeX file
LaTeX Font Info:    Redeclaring font encoding T1 on input line 43.
))
\mathindent=\dimen187
)
(/usr/local/texlive/2013/texmf-dist/tex/latex/doublestroke/dsfont.sty
Package: dsfont 1995/08/01 v0.1 Double stroke roman fonts
)
(/usr/local/texlive/2013/texmf-dist/tex/latex/relsize/relsize.sty
Package: relsize 2013/03/29 ver 4.1
)
(/usr/local/texlive/2013/texmf-dist/tex/latex/ucs/utils/autofe.sty
Package: autofe 2002/12/17 Automatic switching of fontencodings

macro:->
) (/usr/local/texlive/2013/texmf-dist/tex/latex/stmaryrd/stmaryrd.sty
Package: stmaryrd 1994/03/03 St Mary's Road symbol package
\symstmry=\mathgroup6
LaTeX Font Info:    Overwriting symbol font `stmry' in version `bold'
(Font)                  U/stmry/m/n --> U/stmry/b/n on input line 89.
)
(/usr/local/texlive/2013/texmf-dist/tex/latex/textgreek/textgreek.sty
Package: textgreek 2011/10/09 v0.7 Greek symbols in text
Package textgreek Info: Loading the definitions for the Greek fontencoding. on 
input line 39.

(/usr/local/texlive/2013/texmf-dist/tex/latex/greek-fontenc/lgrenc.def
File: lgrenc.def 2013/05/24 v0.8.2 LGR Greek font encoding definitions
Now handling font encoding LGR ...
... processing UTF-8 mapping file for font encoding LGR

(/usr/local/texlive/2013/texmf-dist/tex/latex/greek-inputenc/lgrenc.dfu
File: lgrenc.dfu 2013/05/24 0.4 UTF-8 support for Greek
))
Package textgreek Info: Loaded fontmap: {eur/*/*}{U/eur/*/*} {phv/*/*}{U/psy/*/
*}. on input line 69.
)
(/usr/local/texlive/2013/texmf-dist/tex/latex/lkproof/proof.sty
\inferLineSkip=\dimen188
\inferLabelSkip=\dimen189
\@LeftOffset=\dimen190
\@RightOffset=\dimen191
\@SavedLeftOffset=\dimen192
\UpperWidth=\dimen193
\LowerWidth=\dimen194
\LowerHeight=\dimen195
\UpperLeftOffset=\dimen196
\UpperRightOffset=\dimen197
\UpperCenter=\dimen198
\LowerCenter=\dimen199
\UpperAdjust=\dimen200
\RuleAdjust=\dimen201
\LowerAdjust=\dimen202
\RuleWidth=\dimen203
\HLabelAdjust=\dimen204
\VLabelAdjust=\dimen205
\WidthAdjust=\dimen206
\@UpperPart=\box39
\@LowerPart=\box40
\@LabelPart=\box41
\ResultBox=\box42
) (./diagxy.sty
\atcode=\count151

(/usr/local/texlive/2013/texmf-dist/tex/generic/xypic/xy.tex not reloaded)
(/usr/local/texlive/2013/texmf-dist/tex/generic/xypic/xyarrow.tex
 Xy-pic option: Arrow and Path feature v.3.9 not reloaded)
(/usr/local/texlive/2013/texmf-dist/tex/generic/xypic/xycurve.tex
 Xy-pic option: Curve and Spline extension v.3.12 not reloaded)
\xydashw@@=\dimen207
\high=\dimen208
\ul=\dimen209
\deltax=\count152
\deltay=\count153
\deltaX=\count154
\deltaXprime=\count155
\deltaY=\count156
\deltaYprime=\count157
\wdth=\dimen210
\xend=\count158
\yend=\count159
\Xend=\count160
\Yend=\count161
\xpos=\count162
\ypos=\count163
\default=\count164
\defaultmargin=\count165
\topw=\count166
\botw=\count167
\Xpos=\count168
\Ypos=\count169
LaTeX Font Info:    Try loading font information for U+msa on input line 99.

(/usr/local/texlive/2013/texmf-dist/tex/latex/amsfonts/umsa.fd
File: umsa.fd 2013/01/14 v3.01 AMS symbols A
)
LaTeX Font Info:    Try loading font information for U+msb on input line 99.

(/usr/local/texlive/2013/texmf-dist/tex/latex/amsfonts/umsb.fd
File: umsb.fd 2013/01/14 v3.01 AMS symbols B
)
LaTeX Font Info:    Try loading font information for U+stmry on input line 99.

(/usr/local/texlive/2013/texmf-dist/tex/latex/stmaryrd/Ustmry.fd)
\axis=\dimen211
\xfinish=\count170
\yfinish=\count171
)
(/usr/local/texlive/2013/texmf-dist/tex/latex/natbib/natbib.sty
Package: natbib 2010/09/13 8.31b (PWD, AO)
\bibhang=\skip73
\bibsep=\skip74
LaTeX Info: Redefining \cite on input line 694.
\c@NAT@ctr=\count172
)
(/usr/local/texlive/2013/texmf-dist/tex/latex/xkeyval/xkvltxp.sty
Package: xkvltxp 2004/12/13 v1.2 LaTeX2e kernel patch (HA)
)
(/usr/local/texlive/2013/texmf-dist/tex/latex/fixme/fixme.sty
Package: fixme 2013/01/28 v4.2 Collaborative annotations for LaTeX2e

(/usr/local/texlive/2013/texmf-dist/tex/latex/tools/verbatim.sty
Package: verbatim 2003/08/22 v1.5q LaTeX2e package for verbatim enhancements
\every@verbatim=\toks44
\verbatim@line=\toks45
\verbatim@in@stream=\read3
)
(/usr/local/texlive/2013/texmf-dist/tex/latex/xkeyval/xkeyval.sty
Package: xkeyval 2012/10/14 v2.6b package option processing (HA)

(/usr/local/texlive/2013/texmf-dist/tex/generic/xkeyval/xkeyval.tex
\XKV@toks=\toks46
\XKV@tempa@toks=\toks47
\XKV@depth=\count173
File: xkeyval.tex 2012/10/14 v2.6b key=value parser (HA)
))
\c@fixmecount=\count174
\c@fxnotecount=\count175
\c@fxwarningcount=\count176
\c@fxerrorcount=\count177
\c@fxfatalcount=\count178
)
(/usr/local/texlive/2013/texmf-dist/tex/latex/fixme/themes/fxthemecolor.sty
Package: fxthemecolor 

(/usr/local/texlive/2013/texmf-dist/tex/latex/fixme/layouts/env/fxenvlayoutcolo
r.sty
Package: fxenvlayoutcolor 
)
(/usr/local/texlive/2013/texmf-dist/tex/latex/fixme/layouts/target/fxtargetlayo
utcolor.sty
Package: fxtargetlayoutcolor 
)) (./macros.tex) (./mypack.sty
Package: mypack 
)
(/usr/local/texlive/2013/texmf-dist/tex/latex/pgf/frontendlayer/tikz.sty
(/usr/local/texlive/2013/texmf-dist/tex/latex/pgf/basiclayer/pgf.sty
(/usr/local/texlive/2013/texmf-dist/tex/latex/pgf/utilities/pgfrcs.sty
(/usr/local/texlive/2013/texmf-dist/tex/generic/pgf/utilities/pgfutil-common.te
x
\pgfutil@everybye=\toks48
)
(/usr/local/texlive/2013/texmf-dist/tex/generic/pgf/utilities/pgfutil-latex.def
\pgfutil@abb=\box43
(/usr/local/texlive/2013/texmf-dist/tex/latex/ms/everyshi.sty
Package: everyshi 2001/05/15 v3.00 EveryShipout Package (MS)
))
(/usr/local/texlive/2013/texmf-dist/tex/generic/pgf/utilities/pgfrcs.code.tex
Package: pgfrcs 2010/10/25 v2.10 (rcs-revision 1.24)
))
Package: pgf 2008/01/15 v2.10 (rcs-revision 1.12)
(/usr/local/texlive/2013/texmf-dist/tex/latex/pgf/basiclayer/pgfcore.sty
(/usr/local/texlive/2013/texmf-dist/tex/latex/pgf/systemlayer/pgfsys.sty
(/usr/local/texlive/2013/texmf-dist/tex/generic/pgf/systemlayer/pgfsys.code.tex
Package: pgfsys 2010/06/30 v2.10 (rcs-revision 1.37)
(/usr/local/texlive/2013/texmf-dist/tex/generic/pgf/utilities/pgfkeys.code.tex
\pgfkeys@pathtoks=\toks49
\pgfkeys@temptoks=\toks50

(/usr/local/texlive/2013/texmf-dist/tex/generic/pgf/utilities/pgfkeysfiltered.c
ode.tex
\pgfkeys@tmptoks=\toks51
))
\pgf@x=\dimen212
\pgf@y=\dimen213
\pgf@xa=\dimen214
\pgf@ya=\dimen215
\pgf@xb=\dimen216
\pgf@yb=\dimen217
\pgf@xc=\dimen218
\pgf@yc=\dimen219
\w@pgf@writea=\write5
\r@pgf@reada=\read4
\c@pgf@counta=\count179
\c@pgf@countb=\count180
\c@pgf@countc=\count181
\c@pgf@countd=\count182

(/usr/local/texlive/2013/texmf-dist/tex/generic/pgf/systemlayer/pgf.cfg
File: pgf.cfg 2008/05/14  (rcs-revision 1.7)
)
Package pgfsys Info: Driver file for pgf: pgfsys-pdftex.def on input line 900.

(/usr/local/texlive/2013/texmf-dist/tex/generic/pgf/systemlayer/pgfsys-pdftex.d
ef
File: pgfsys-pdftex.def 2009/05/22  (rcs-revision 1.26)

(/usr/local/texlive/2013/texmf-dist/tex/generic/pgf/systemlayer/pgfsys-common-p
df.def
File: pgfsys-common-pdf.def 2008/05/19  (rcs-revision 1.10)
)))
(/usr/local/texlive/2013/texmf-dist/tex/generic/pgf/systemlayer/pgfsyssoftpath.
code.tex
File: pgfsyssoftpath.code.tex 2008/07/18  (rcs-revision 1.7)
\pgfsyssoftpath@smallbuffer@items=\count183
\pgfsyssoftpath@bigbuffer@items=\count184
)
(/usr/local/texlive/2013/texmf-dist/tex/generic/pgf/systemlayer/pgfsysprotocol.
code.tex
File: pgfsysprotocol.code.tex 2006/10/16  (rcs-revision 1.4)
))
(/usr/local/texlive/2013/texmf-dist/tex/generic/pgf/basiclayer/pgfcore.code.tex
Package: pgfcore 2010/04/11 v2.10 (rcs-revision 1.7)
(/usr/local/texlive/2013/texmf-dist/tex/generic/pgf/math/pgfmath.code.tex
(/usr/local/texlive/2013/texmf-dist/tex/generic/pgf/math/pgfmathcalc.code.tex
(/usr/local/texlive/2013/texmf-dist/tex/generic/pgf/math/pgfmathutil.code.tex)
(/usr/local/texlive/2013/texmf-dist/tex/generic/pgf/math/pgfmathparser.code.tex
\pgfmath@dimen=\dimen220
\pgfmath@count=\count185
\pgfmath@box=\box44
\pgfmath@toks=\toks52
\pgfmath@stack@operand=\toks53
\pgfmath@stack@operation=\toks54
)
(/usr/local/texlive/2013/texmf-dist/tex/generic/pgf/math/pgfmathfunctions.code.
tex
(/usr/local/texlive/2013/texmf-dist/tex/generic/pgf/math/pgfmathfunctions.basic
.code.tex)
(/usr/local/texlive/2013/texmf-dist/tex/generic/pgf/math/pgfmathfunctions.trigo
nometric.code.tex)
(/usr/local/texlive/2013/texmf-dist/tex/generic/pgf/math/pgfmathfunctions.rando
m.code.tex)
(/usr/local/texlive/2013/texmf-dist/tex/generic/pgf/math/pgfmathfunctions.compa
rison.code.tex)
(/usr/local/texlive/2013/texmf-dist/tex/generic/pgf/math/pgfmathfunctions.base.
code.tex)
(/usr/local/texlive/2013/texmf-dist/tex/generic/pgf/math/pgfmathfunctions.round
.code.tex)
(/usr/local/texlive/2013/texmf-dist/tex/generic/pgf/math/pgfmathfunctions.misc.
code.tex)))
(/usr/local/texlive/2013/texmf-dist/tex/generic/pgf/math/pgfmathfloat.code.tex
\c@pgfmathroundto@lastzeros=\count186
))
(/usr/local/texlive/2013/texmf-dist/tex/generic/pgf/basiclayer/pgfcorepoints.co
de.tex
File: pgfcorepoints.code.tex 2010/04/09  (rcs-revision 1.20)
\pgf@picminx=\dimen221
\pgf@picmaxx=\dimen222
\pgf@picminy=\dimen223
\pgf@picmaxy=\dimen224
\pgf@pathminx=\dimen225
\pgf@pathmaxx=\dimen226
\pgf@pathminy=\dimen227
\pgf@pathmaxy=\dimen228
\pgf@xx=\dimen229
\pgf@xy=\dimen230
\pgf@yx=\dimen231
\pgf@yy=\dimen232
\pgf@zx=\dimen233
Normal \dimen register pool exhausted, switching to extended pool.
\pgf@zy=\dimen256
)
(/usr/local/texlive/2013/texmf-dist/tex/generic/pgf/basiclayer/pgfcorepathconst
ruct.code.tex
File: pgfcorepathconstruct.code.tex 2010/08/03  (rcs-revision 1.24)
\pgf@path@lastx=\dimen257
\pgf@path@lasty=\dimen258
)
(/usr/local/texlive/2013/texmf-dist/tex/generic/pgf/basiclayer/pgfcorepathusage
.code.tex
File: pgfcorepathusage.code.tex 2008/04/22  (rcs-revision 1.12)
\pgf@shorten@end@additional=\dimen259
\pgf@shorten@start@additional=\dimen260
)
(/usr/local/texlive/2013/texmf-dist/tex/generic/pgf/basiclayer/pgfcorescopes.co
de.tex
File: pgfcorescopes.code.tex 2010/09/08  (rcs-revision 1.34)
\pgfpic=\box45
\pgf@hbox=\box46
\pgf@layerbox@main=\box47
\pgf@picture@serial@count=\count187
)
(/usr/local/texlive/2013/texmf-dist/tex/generic/pgf/basiclayer/pgfcoregraphicst
ate.code.tex
File: pgfcoregraphicstate.code.tex 2008/04/22  (rcs-revision 1.9)
\pgflinewidth=\dimen261
)
(/usr/local/texlive/2013/texmf-dist/tex/generic/pgf/basiclayer/pgfcoretransform
ations.code.tex
File: pgfcoretransformations.code.tex 2009/06/10  (rcs-revision 1.11)
\pgf@pt@x=\dimen262
\pgf@pt@y=\dimen263
\pgf@pt@temp=\dimen264
)
(/usr/local/texlive/2013/texmf-dist/tex/generic/pgf/basiclayer/pgfcorequick.cod
e.tex
File: pgfcorequick.code.tex 2008/10/09  (rcs-revision 1.3)
)
(/usr/local/texlive/2013/texmf-dist/tex/generic/pgf/basiclayer/pgfcoreobjects.c
ode.tex
File: pgfcoreobjects.code.tex 2006/10/11  (rcs-revision 1.2)
)
(/usr/local/texlive/2013/texmf-dist/tex/generic/pgf/basiclayer/pgfcorepathproce
ssing.code.tex
File: pgfcorepathprocessing.code.tex 2008/10/09  (rcs-revision 1.8)
)
(/usr/local/texlive/2013/texmf-dist/tex/generic/pgf/basiclayer/pgfcorearrows.co
de.tex
File: pgfcorearrows.code.tex 2008/04/23  (rcs-revision 1.11)
)
(/usr/local/texlive/2013/texmf-dist/tex/generic/pgf/basiclayer/pgfcoreshade.cod
e.tex
File: pgfcoreshade.code.tex 2008/11/23  (rcs-revision 1.13)
\pgf@max=\dimen265
\pgf@sys@shading@range@num=\count188
)
(/usr/local/texlive/2013/texmf-dist/tex/generic/pgf/basiclayer/pgfcoreimage.cod
e.tex
File: pgfcoreimage.code.tex 2010/03/25  (rcs-revision 1.16)

(/usr/local/texlive/2013/texmf-dist/tex/generic/pgf/basiclayer/pgfcoreexternal.
code.tex
File: pgfcoreexternal.code.tex 2010/09/01  (rcs-revision 1.17)
\pgfexternal@startupbox=\box48
))
(/usr/local/texlive/2013/texmf-dist/tex/generic/pgf/basiclayer/pgfcorelayers.co
de.tex
File: pgfcorelayers.code.tex 2010/08/27  (rcs-revision 1.2)
)
(/usr/local/texlive/2013/texmf-dist/tex/generic/pgf/basiclayer/pgfcoretranspare
ncy.code.tex
File: pgfcoretransparency.code.tex 2008/01/17  (rcs-revision 1.2)
)
(/usr/local/texlive/2013/texmf-dist/tex/generic/pgf/basiclayer/pgfcorepatterns.
code.tex
File: pgfcorepatterns.code.tex 2009/07/02  (rcs-revision 1.3)
)))
(/usr/local/texlive/2013/texmf-dist/tex/generic/pgf/modules/pgfmoduleshapes.cod
e.tex
File: pgfmoduleshapes.code.tex 2010/09/09  (rcs-revision 1.13)
\pgfnodeparttextbox=\box49
)
(/usr/local/texlive/2013/texmf-dist/tex/generic/pgf/modules/pgfmoduleplot.code.
tex
File: pgfmoduleplot.code.tex 2010/10/22  (rcs-revision 1.8)
)
(/usr/local/texlive/2013/texmf-dist/tex/latex/pgf/compatibility/pgfcomp-version
-0-65.sty
Package: pgfcomp-version-0-65 2007/07/03 v2.10 (rcs-revision 1.7)
\pgf@nodesepstart=\dimen266
\pgf@nodesepend=\dimen267
)
(/usr/local/texlive/2013/texmf-dist/tex/latex/pgf/compatibility/pgfcomp-version
-1-18.sty
Package: pgfcomp-version-1-18 2007/07/23 v2.10 (rcs-revision 1.1)
))
(/usr/local/texlive/2013/texmf-dist/tex/latex/pgf/utilities/pgffor.sty
(/usr/local/texlive/2013/texmf-dist/tex/latex/pgf/utilities/pgfkeys.sty
(/usr/local/texlive/2013/texmf-dist/tex/generic/pgf/utilities/pgfkeys.code.tex)
) (/usr/local/texlive/2013/texmf-dist/tex/generic/pgf/utilities/pgffor.code.tex
Package: pgffor 2010/03/23 v2.10 (rcs-revision 1.18)
\pgffor@iter=\dimen268
\pgffor@skip=\dimen269
\pgffor@stack=\toks55
\pgffor@toks=\toks56
))
(/usr/local/texlive/2013/texmf-dist/tex/generic/pgf/frontendlayer/tikz/tikz.cod
e.tex
Package: tikz 2010/10/13 v2.10 (rcs-revision 1.76)

(/usr/local/texlive/2013/texmf-dist/tex/generic/pgf/libraries/pgflibraryplothan
dlers.code.tex
File: pgflibraryplothandlers.code.tex 2010/05/31 v2.10 (rcs-revision 1.15)
\pgf@plot@mark@count=\count189
\pgfplotmarksize=\dimen270
)
\tikz@lastx=\dimen271
\tikz@lasty=\dimen272
\tikz@lastxsaved=\dimen273
\tikz@lastysaved=\dimen274
\tikzleveldistance=\dimen275
\tikzsiblingdistance=\dimen276
\tikz@figbox=\box50
\tikz@tempbox=\box51
\tikztreelevel=\count190
\tikznumberofchildren=\count191
\tikznumberofcurrentchild=\count192
\tikz@fig@count=\count193

(/usr/local/texlive/2013/texmf-dist/tex/generic/pgf/modules/pgfmodulematrix.cod
e.tex
File: pgfmodulematrix.code.tex 2010/08/24  (rcs-revision 1.4)
\pgfmatrixcurrentrow=\count194
\pgfmatrixcurrentcolumn=\count195
\pgf@matrix@numberofcolumns=\count196
)
\tikz@expandcount=\count197

(/usr/local/texlive/2013/texmf-dist/tex/generic/pgf/frontendlayer/tikz/librarie
s/tikzlibrarytopaths.code.tex
File: tikzlibrarytopaths.code.tex 2008/06/17 v2.10 (rcs-revision 1.2)
)))
Package hyperref Info: Option `colorlinks' set `true' on input line 74.
 (./Main.aux

LaTeX Warning: Label `rational-gcd' multiply defined.


LaTeX Warning: Label `rational-gcd' multiply defined.

)
\openout1 = `Main.aux'.

LaTeX Font Info:    Checking defaults for OML/cmm/m/it on input line 85.
LaTeX Font Info:    ... okay on input line 85.
LaTeX Font Info:    Checking defaults for T1/cmr/m/n on input line 85.
LaTeX Font Info:    ... okay on input line 85.
LaTeX Font Info:    Checking defaults for OT1/cmr/m/n on input line 85.
LaTeX Font Info:    ... okay on input line 85.
LaTeX Font Info:    Checking defaults for OMS/cmsy/m/n on input line 85.
LaTeX Font Info:    ... okay on input line 85.
LaTeX Font Info:    Checking defaults for OMX/cmex/m/n on input line 85.
LaTeX Font Info:    ... okay on input line 85.
LaTeX Font Info:    Checking defaults for U/cmr/m/n on input line 85.
LaTeX Font Info:    ... okay on input line 85.
LaTeX Font Info:    Checking defaults for PD1/pdf/m/n on input line 85.
LaTeX Font Info:    ... okay on input line 85.
LaTeX Font Info:    Checking defaults for PU/pdf/m/n on input line 85.
LaTeX Font Info:    ... okay on input line 85.
LaTeX Font Info:    Checking defaults for T3/cmr/m/n on input line 85.
LaTeX Font Info:    Try loading font information for T3+cmr on input line 85.
 (/usr/local/texlive/2013/texmf-dist/tex/latex/tipa/t3cmr.fd
File: t3cmr.fd 2001/12/31 TIPA font definitions
)
LaTeX Font Info:    ... okay on input line 85.
LaTeX Font Info:    Checking defaults for LGR/cmr/m/n on input line 85.
LaTeX Font Info:    Try loading font information for LGR+cmr on input line 85.

(/usr/local/texlive/2013/texmf-dist/tex/generic/babel-greek/lgrcmr.fd
File: lgrcmr.fd 2008/06/17 v2.3 Greek Computer Modern
)
LaTeX Font Info:    ... okay on input line 85.
Package caption Info: Begin \AtBeginDocument code.
Package caption Info: hyperref package is loaded.
Package caption Info: listings package is loaded.
Package caption Info: longtable package is loaded.

(/usr/local/texlive/2013/texmf-dist/tex/latex/caption/ltcaption.sty
Package: ltcaption 2013/02/03 v1.3-62 longtable captions (AR)
)
Package caption Info: rotating package is loaded.
Package caption Info: subfigure package is loaded.
Package caption Info: End \AtBeginDocument code.

(/usr/local/texlive/2013/texmf-dist/tex/context/base/supp-pdf.mkii
[Loading MPS to PDF converter (version 2006.09.02).]
\scratchcounter=\count198
\scratchdimen=\dimen277
\scratchbox=\box52
\nofMPsegments=\count199
\nofMParguments=\count200
\everyMPshowfont=\toks57
\MPscratchCnt=\count201
\MPscratchDim=\dimen278
\MPnumerator=\count202
\makeMPintoPDFobject=\count203
\everyMPtoPDFconversion=\toks58
)
\c@lstlisting=\count204
\AtBeginShipoutBox=\box53
Package hyperref Info: Link coloring ON on input line 85.
 (/usr/local/texlive/2013/texmf-dist/tex/latex/hyperref/nameref.sty
Package: nameref 2012/10/27 v2.43 Cross-referencing by name of section

(/usr/local/texlive/2013/texmf-dist/tex/generic/oberdiek/gettitlestring.sty
Package: gettitlestring 2010/12/03 v1.4 Cleanup title references (HO)
)
\c@section@level=\count205
)
LaTeX Info: Redefining \ref on input line 85.
LaTeX Info: Redefining \pageref on input line 85.
LaTeX Info: Redefining \nameref on input line 85.

(./Main.out) (./Main.out)
\@outlinefile=\write6
\openout6 = `Main.out'.

Package xypdf Info: Line width: 0.43799pt on input line 85.

(/usr/local/texlive/2013/texmf-dist/tex/latex/ucs/ucsencs.def
File: ucsencs.def 2011/01/21 Fixes to fontencodings LGR, T3
LGR\textpentedeka already defined.
LGR\textpenteqilioi already defined.
LGR\textpentemuria already defined.
LGR\textstigma already defined.
LGR\textqoppa already defined.
LGR\texteuro already defined.
LGR\textperthousand already defined.
LGR\textquoteleft already defined.
LGR\textquoteright already defined.
LGR\u already defined.
LGR\= already defined.
LGR\" already defined.
LGR\textpercent already defined.
LGR\textperiodcentered already defined.
LGR\' already defined.
LGR\textanoteleia already defined.
LGR\textAlpha already defined.
LGR\textBeta already defined.
LGR\textDelta already defined.
LGR\textEpsilon already defined.
LGR\textPhi already defined.
LGR\textGamma already defined.
LGR\textEta already defined.
LGR\textIota already defined.
LGR\textTheta already defined.
LGR\textKappa already defined.
LGR\textLambda already defined.
LGR\textMu already defined.
LGR\textNu already defined.
LGR\textOmicron already defined.
LGR\textPi already defined.
LGR\textChi already defined.
LGR\textRho already defined.
LGR\textSigma already defined.
LGR\textTau already defined.
LGR\textUpsilon already defined.
LGR\textOmega already defined.
LGR\textXi already defined.
LGR\textPsi already defined.
LGR\textZeta already defined.
LGR\` already defined.
LGR\textalpha already defined.
LGR\textbeta already defined.
LGR\textvarsigma already defined.
LGR\textdelta already defined.
LGR\textepsilon already defined.
LGR\textphi already defined.
LGR\textgamma already defined.
LGR\texteta already defined.
LGR\textiota already defined.
LGR\texttheta already defined.
LGR\textkappa already defined.
LGR\textlambda already defined.
LGR\textmu already defined.
LGR\textnu already defined.
LGR\textomicron already defined.
LGR\textpi already defined.
LGR\textchi already defined.
LGR\textrho already defined.
LGR\textautosigma already defined.
LGR\textsigma already defined.
LGR\texttau already defined.
LGR\textupsilon already defined.
LGR\textomega already defined.
LGR\textxi already defined.
LGR\textpsi already defined.
LGR\textzeta already defined.
LGR\guillemotleft already defined.
LGR\guillemotright already defined.
LGR\~ already defined.
LGR\textemdash already defined.
LGR\textdigamma already defined.
LGR\textDigamma already defined.

fontencoding LGR patched
T3\textscriptg already defined.
fontencoding T3 patched
)

Package ucs Warning: ***************************
(ucs)                You seem to have loaded inputencoding utf8
(ucs)                (LaTeX kernel UTF-8) instead of utf8x (ucs.sty UTF-8).
(ucs)                Probably you are compiling a document written for a
(ucs)                pre-august-2004 ucs.sty.
(ucs)                ***************************
(ucs)                Please use \usepackage[utf8x]{inputenc} instead of
(ucs)                \usepackage[utf8]{inputenc}.
(ucs)                ***************************
(ucs)                If you should really want to use ucs.sty and kernel's
(ucs)                utf8.def together, use \usepackage[utf8x,utf8]{inputenc}
(ucs)                to disable compatibility mode
(ucs)                ***************************
(ucs)                Activating compatibility mode.
(ucs)                ***************************
(ucs)                 on input line 85.

(/usr/local/texlive/2013/texmf-dist/tex/latex/ucs/utf8x.def
File: utf8x.def 2004/10/17 UCS: Input encoding UTF-8
)
ABD: EveryShipout initializing macros (./Main.lox
Overfull \hbox (1.53253pt too wide) in paragraph at lines 12--12
 \T1/cmr/m/n/10.95 quo-tients in dif-fer-ent top-ics of math-e-mat-ics. Quo-tie
nt sets, quo-tient groups 
 []

[1



{/usr/local/texlive/2013/texmf-var/fonts/map/pdftex/updmap/pdftex.map}]
LaTeX Font Info:    Try loading font information for T1+cmtt on input line 21.

(/usr/local/texlive/2013/texmf-dist/tex/latex/base/t1cmtt.fd
File: t1cmtt.fd 1999/05/25 v2.5h Standard LaTeX font definitions
)
Overfull \hbox (31.99081pt too wide) in paragraph at lines 21--21
 [][] [][][]\T1/cmr/m/n/10.95 Mar-tin Es-cardo's [][]$\T1/cmtt/m/n/10.95 http :
 / / www . cs . bham . ac . uk / \protect \ unhbox \ voidb @ x \ penalty \ 
 []

)
\tf@lox=\write7
\openout7 = `Main.lox'.

 [2]
<Pictures/2000px-University_of_Nottingham.png, id=472, 2007.5pt x 812.03375pt>
File: Pictures/2000px-University_of_Nottingham.png Graphic file (type png)

<use Pictures/2000px-University_of_Nottingham.png>
Package pdftex.def Info: Pictures/2000px-University_of_Nottingham.png used on i
nput line 117.
(pdftex.def)             Requested size: 200.76175pt x 81.20813pt.
 [1

 <./Pictures/2000px-University_of_Nottingham.png>]
------------------------------------------------------------------------------
 Abstract Page
------------------------------------------------------------------------------
[2

]
------------------------------------------------------------------------------
 Acknowledgements
------------------------------------------------------------------------------
[3

]
------------------------------------------------------------------------------
 Table of Contents
------------------------------------------------------------------------------
[4


] (./Main.toc [5] [6])
\tf@toc=\write8
\openout8 = `Main.toc'.

 [7] [8

]
------------------------------------------------------------------------------
 List of Figures
------------------------------------------------------------------------------
(./Main.lof)
\tf@lof=\write9
\openout9 = `Main.lof'.

 [9

] [10

]
------------------------------------------------------------------------------
 List of Tables
------------------------------------------------------------------------------
(./Main.lot)
\tf@lot=\write10
\openout10 = `Main.lot'.

 [11

] [12

] (./Chapters/Introduction.tex
Chapter 1.
------------------------------------------------------------------------------
 1 Introduction
------------------------------------------------------------------------------
Package hyperref Info: bookmark level for unknown fixme defaults to 0 on input 
line 4.
FiXme Note: 'Write: what we are going to write' on input line 4.
FiXme Note: 'mention the definable quotient is very useful' on input line 14.
FiXme Note: 'compact, comprehensive Overview: \\Add overview of each part, as m
uch as you can, and compact' on input line 27.

Overfull \hbox (47.52936pt too wide) in paragraph at lines 27--28
[][][][][][][] 
 []

[1


]) (./Chapters/Background.tex [2]
Chapter 2.
------------------------------------------------------------------------------
 2 Background
------------------------------------------------------------------------------
FiXme Note: 'theory?' on input line 7.
(/usr/local/texlive/2013/texmf-dist/tex/latex/ucs/data/uni-0.def
File: uni-0.def 2013/05/13 UCS: Unicode data U+0000..U+00FF
)
LaTeX Font Info:    Try loading font information for T1+cmss on input line 26.

(/usr/local/texlive/2013/texmf-dist/tex/latex/base/t1cmss.fd
File: t1cmss.fd 1999/05/25 v2.5h Standard LaTeX font definitions
) [3

]
FiXme Note: '?cite?' on input line 35.
FiXme Note: 'more explanation' on input line 51.
 [4] [5]
[6]
LaTeX Font Info:    Try loading font information for OMS+cmr on input line 158.

 (/usr/local/texlive/2013/texmf-dist/tex/latex/base/omscmr.fd
File: omscmr.fd 1999/05/25 v2.5h Standard LaTeX font definitions
)
LaTeX Font Info:    Font shape `OMS/cmr/m/n' in size <10.95> not available
(Font)              Font shape `OMS/cmsy/m/n' tried instead on input line 158.
 [7]
\openout4 = `Main.ptb'.


(/usr/local/texlive/2013/texmf-dist/tex/latex/ucs/data/uni-33.def
File: uni-33.def 2013/05/13 UCS: Unicode data U+2100..U+21FF
)
\openout4 = `Main.ptb'.

 [8]
\openout4 = `Main.ptb'.


(/usr/local/texlive/2013/texmf-dist/tex/latex/ucs/data/uni-34.def
File: uni-34.def 2013/05/13 UCS: Unicode data U+2200..U+22FF
)
Underfull \hbox (badness 10000) in paragraph at lines 237--242
 
 []

[9]
\openout4 = `Main.ptb'.


Underfull \hbox (badness 10000) in paragraph at lines 257--263
 
 []

FiXme Note: 'to help the reader understand the Agda code in text' on input line
 277.
[10]
\openout4 = `Main.ptb'.


Underfull \hbox (badness 10000) in paragraph at lines 293--301
 
 []

\openout4 = `Main.ptb'.


Underfull \hbox (badness 10000) in paragraph at lines 307--321
 
 []

[11]
FiXme Note: 'Cosider moving this part to \autoref {HITs}' on input line 333.
 [12]
FiXme Note: 'What conventions we will follow in this thesis and some commonly u
sed symbols and function' on input line 367.

Overfull \hbox (37.55579pt too wide) in paragraph at lines 367--368
[][][][][][][] 
 []

FiXme Note: 'one page explanation of why type theory is useful' on input line 3
98.
[13]) (./Chapters/QuotientTypes.tex [14]
Chapter 3.
------------------------------------------------------------------------------
 3 Quotient Types
------------------------------------------------------------------------------
FiXme Note: 'should say something of computer science first rather than mathema
tics maybe, because it is a computer science PhD' on input line 6.

Overfull \hbox (151.34589pt too wide) in paragraph at lines 6--7
[][][][][][][] 
 []

FiXme Note: 'moving the categorical intuition earlier, because it essentially g
eneralises the quotients in different topics of mathematics. Quotient sets, quo
tient groups are just instances and quotient types should also de derviable fro
m that, and it is much easiler to understand. (and ask Paulo about it?)' on inp
ut line 24.

Overfull \hbox (972.25558pt too wide) in paragraph at lines 24--25
[][][][][][][] 
 []

[15

] [16]
\openout4 = `Main.ptb'.

 (/usr/local/texlive/2013/texmf-dist/tex/latex/ucs/data/uni-32.def
File: uni-32.def 2013/05/13 UCS: Unicode data U+2000..U+20FF
)
Overfull \hbox (5.09415pt too wide) detected at line 140
  |  
 []


Underfull \hbox (badness 10000) in paragraph at lines 121--140
 
 []

[17] <xymatrix 5x3 253> <xymatrix 5x3 253> [18]
FiXme Note: 'question of where shall we apply pe' on input line 292.
 [19] [20] [21]
FiXme Note: 'here' on input line 459.
 [22] [23])
(./Chapters/DefinableQuotients.tex [24]
Chapter 4.
------------------------------------------------------------------------------
 4 Definable Quotients
------------------------------------------------------------------------------
FiXme Note: '1. Distributivity 2. Rational numbers 3. other definable quotients
' on input line 4.
\openout4 = `Main.ptb'.


Underfull \hbox (badness 10000) in paragraph at lines 30--43
 
 []

[25

]
\openout4 = `Main.ptb'.


Overfull \hbox (10.74399pt too wide) detected at line 65
  |  
 []


Overfull \hbox (10.74399pt too wide) detected at line 65
  |  
 []

\openout4 = `Main.ptb'.


Overfull \hbox (7.02823pt too wide) detected at line 84
  |  
 []


Overfull \hbox (8.42047pt too wide) detected at line 84
  |  
 []

[26]
\openout4 = `Main.ptb'.


Underfull \hbox (badness 10000) in paragraph at lines 123--143
 
 []

\openout4 = `Main.ptb'.


Underfull \hbox (badness 10000) in paragraph at lines 149--162
 
 []

[27] [28]

Package hyperref Warning: Difference (3) between bookmark levels is greater 
(hyperref)                than one, level fixed on input line 252.

\openout4 = `Main.ptb'.


Underfull \hbox (badness 10000) in paragraph at lines 256--262
 
 []

[29]
\openout4 = `Main.ptb'.


Underfull \hbox (badness 10000) in paragraph at lines 286--292
 
 []


Package hyperref Warning: Difference (2) between bookmark levels is greater 
(hyperref)                than one, level fixed on input line 297.

\openout4 = `Main.ptb'.


Underfull \hbox (badness 10000) in paragraph at lines 320--328
 
 []

[30]
\openout4 = `Main.ptb'.


Overfull \hbox (4.16698pt too wide) detected at line 399
  |  
 []


Underfull \hbox (badness 10000) in paragraph at lines 338--399
 
 []

\openout4 = `Main.ptb'.

(/usr/local/texlive/2013/texmf-dist/tex/latex/ucs/data/uni-2.def
File: uni-2.def 2013/05/13 UCS: Unicode data U+0200..U+02FF
)
Underfull \hbox (badness 10000) in paragraph at lines 403--439
 
 []

[31]

LaTeX Warning: Reference `obs-int-nat' on page 32 undefined on input line 448.

\openout4 = `Main.ptb'.


Overfull \hbox (10.7425pt too wide) detected at line 502
  |  
 []


Overfull \hbox (10.7425pt too wide) detected at line 502
  |  
 []


Overfull \hbox (10.7425pt too wide) detected at line 502
  |  
 []


Overfull \hbox (10.7425pt too wide) detected at line 502
  |  
 []


Underfull \hbox (badness 10000) in paragraph at lines 479--502
 
 []

[32]
FiXme Note: 'add this paragraph:' on input line 532.
 [33]
\openout4 = `Main.ptb'.


Underfull \hbox (badness 10000) in paragraph at lines 570--577
 
 []

\openout4 = `Main.ptb'.


Underfull \hbox (badness 10000) in paragraph at lines 585--603
 
 []

[34]
\openout4 = `Main.ptb'.


Underfull \hbox (badness 10000) in paragraph at lines 611--645
 
 []

\openout4 = `Main.ptb'.


Underfull \hbox (badness 10000) in paragraph at lines 654--658
 
 []

\openout4 = `Main.ptb'.


Underfull \hbox (badness 10000) in paragraph at lines 664--674
 
 []

\openout4 = `Main.ptb'.


Underfull \hbox (badness 10000) in paragraph at lines 679--685
 
 []

[35]) (./Chapters/Reals.tex [36]
Chapter 5.
------------------------------------------------------------------------------
 5 Real numbers and other undefinable quotients
------------------------------------------------------------------------------
[37

] [38]

Package hyperref Warning: Difference (2) between bookmark levels is greater 
(hyperref)                than one, level fixed on input line 103.

[39]

LaTeX Warning: Reference `eq:usedbytxa' on page 40 undefined on input line 221.


[40] [41] [42]
FiXme Note: 'P(T) -> Connected (T) -> Contractible(T), $\mathbb {R}/ \sim $ is 
connected but not contractible?' on input line 393.
 [43]
FiXme Note: 'expand Cauchy completeness of Cauchy reals: it should rely on the 
axiom of countable choice' on input line 400.

Overfull \hbox (35.50739pt too wide) in paragraph at lines 400--401
[][][][][][][] 
 []

FiXme Note: 'decidable order -> of course definable, A-> N definable, give a ex
plicit proof' on input line 448.
FiXme Note: 'definable -> split quotient because definable is too general' on i
nput line 450.
[44]
\openout4 = `Main.ptb'.


Overfull \hbox (3.59868pt too wide) detected at line 468
  |  
 []


Underfull \hbox (badness 10000) in paragraph at lines 458--468
 
 []

\openout4 = `Main.ptb'.

(/usr/local/texlive/2013/texmf-dist/tex/latex/ucs/data/uni-38.def
File: uni-38.def 2013/05/13 UCS: Unicode data U+2600..U+26FF
)
Underfull \hbox (badness 10000) in paragraph at lines 472--478
 
 []

\openout4 = `Main.ptb'.


Underfull \hbox (badness 10000) in paragraph at lines 486--498
 
 []

\openout4 = `Main.ptb'.


Underfull \hbox (badness 10000) in paragraph at lines 503--518
 
 []

[45]
\openout4 = `Main.ptb'.


Underfull \hbox (badness 10000) in paragraph at lines 523--535
 
 []

FiXme Note: 'Martin Escardo's \url {http://www.cs.bham.ac.uk/\nobreakspace {}mh
e/agda/FailureOfTotalSeparatedness.html} should be considered and discussed her
e, couterexample of Connected -> contractible(?)' on input line 554.

Overfull \hbox (478.16173pt too wide) in paragraph at lines 554--555
[][][][][][][][] 
 []

) (./Chapters/SetoidModel.tex [46]
Chapter 6.
------------------------------------------------------------------------------
 6 The Setoid Model
------------------------------------------------------------------------------
FiXme Note: 'the Setoid Model' on input line 5.
[47

]
FiXme Note: 'write why this model is not lccc explicitly. refer to Nicolais's r
esult' on input line 67.


Package hyperref Warning: Difference (4) between bookmark levels is greater 
(hyperref)                than one, level fixed on input line 73.

<xymatrix 2x2 182> <xymatrix 2x2 175>

Package natbib Warning: Citation `alti:99' on page 48 undefined on input line 1
06.

[48] (./CwF/latex/hProp.tex
\openout4 = `Main.ptb'.

\openout4 = `Main.ptb'.

 [49]
\openout4 = `Main.ptb'.

\openout4 = `Main.ptb'.


(/usr/local/texlive/2013/texmf-dist/tex/latex/ucs/data/uni-3.def
File: uni-3.def 2013/05/13 UCS: Unicode data U+0300..U+03FF
)
LaTeX Font Info:    Try loading font information for LGR+cmss on input line 160
.

(/usr/local/texlive/2013/texmf-dist/tex/generic/babel-greek/lgrcmss.fd
File: lgrcmss.fd 2008/06/17 v2.3 Greek Computer Modern Sans Serif
)
Overfull \hbox (2.23874pt too wide) detected at line 160
  |  
 []

\openout4 = `Main.ptb'.


Overfull \hbox (2.89961pt too wide) detected at line 181
  |  
 []


Overfull \hbox (2.89961pt too wide) detected at line 181
  |  
 []


Overfull \hbox (2.89961pt too wide) detected at line 181
  |  
 []


Overfull \hbox (2.89961pt too wide) detected at line 181
  |  
 []


Overfull \hbox (2.89961pt too wide) detected at line 181
  |  
 []

[50]
\openout4 = `Main.ptb'.


Overfull \hbox (2.40051pt too wide) detected at line 214
  |  
 []


Overfull \hbox (2.40051pt too wide) detected at line 214
  |  
 []


Overfull \hbox (2.40051pt too wide) detected at line 214
  |  
 []


Overfull \hbox (2.40051pt too wide) detected at line 214
  |  
 []

) (./CwF/Cats/latex/Category.tex
\openout4 = `Main.ptb'.

) [51] (./CwF/latex/CategoryOfSetoid.tex
\openout4 = `Main.ptb'.


Overfull \hbox (8.62169pt too wide) detected at line 90
  |  
 []


Overfull \hbox (8.62169pt too wide) detected at line 90
  |  
 []


Overfull \hbox (8.62169pt too wide) detected at line 90
  |  
 []

\openout4 = `Main.ptb'.

\openout4 = `Main.ptb'.

[52]
\openout4 = `Main.ptb'.

 [53]
\openout4 = `Main.ptb'.

\openout4 = `Main.ptb'.

) [54] (./CwF/latex/CwF-setoid.tex
\openout4 = `Main.ptb'.

 [55]
\openout4 = `Main.ptb'.

\openout4 = `Main.ptb'.

\openout4 = `Main.ptb'.

 [56]
\openout4 = `Main.ptb'.

 [57]
\openout4 = `Main.ptb'.

\openout4 = `Main.ptb'.

 [58]
\openout4 = `Main.ptb'.

\openout4 = `Main.ptb'.

 [59]
\openout4 = `Main.ptb'.


(/usr/local/texlive/2013/texmf-dist/tex/latex/ucs/data/uni-39.def
File: uni-39.def 2013/05/13 UCS: Unicode data U+2700..U+27FF
) [60]
\openout4 = `Main.ptb'.

\openout4 = `Main.ptb'.

\openout4 = `Main.ptb'.


[61]
\openout4 = `Main.ptb'.

\openout4 = `Main.ptb'.

) (./CwF/latex/CwF-ctd.tex
\openout4 = `Main.ptb'.

 [62]
\openout4 = `Main.ptb'.

) (./CwF/latex/CwF-quotient.tex
\openout4 = `Main.ptb'.


Overfull \hbox (9.0978pt too wide) detected at line 155
  |  
 []


Overfull \hbox (2.35974pt too wide) detected at line 155
  |  
 []


Overfull \hbox (2.35974pt too wide) detected at line 155
  |  
 []


Overfull \hbox (2.35974pt too wide) detected at line 155
  |  
 []


Overfull \hbox (2.35974pt too wide) detected at line 155
  |  
 []


Overfull \hbox (9.0978pt too wide) detected at line 155
  |  
 []

[63]
\openout4 = `Main.ptb'.

 [64])) (./Chapters/HITs.tex [65] [66

]
Chapter 7.
------------------------------------------------------------------------------
 7 Homotopy Type Theory and higher inductive types
------------------------------------------------------------------------------

Package natbib Warning: Citation `hott-online' on page 67 undefined on input li
ne 22.

[67] [68] [69]
FiXme Note: 'discuss with Thorsten' on input line 175.
 [70]
FiXme Note: 'Maybe I should combine HIT chapter with weak $\omega $-groupoids\x
space model chapter?' on input line 199.
) (./Chapters/OGModel.tex [71] [72

]
Chapter 8.

Package hyperref Warning: Token not allowed in a PDF string (Unicode):
(hyperref)                removing `math shift' on input line 1.


Package hyperref Warning: Token not allowed in a PDF string (Unicode):
(hyperref)                removing `\omega' on input line 1.


Package hyperref Warning: Token not allowed in a PDF string (Unicode):
(hyperref)                removing `math shift' on input line 1.

------------------------------------------------------------------------------
 8 the $\omega $-groupoids\xspace Model
------------------------------------------------------------------------------
FiXme Note: 'WORK ON THIS FIRST SO THAT WE CAN REVISE OUR PAPER' on input line 
4.
[73] <xymatrix 1x3 14> <xymatrix 1x4 116> <xymatrix 1x4 316> [74]

Package hyperref Warning: Token not allowed in a PDF string (Unicode):
(hyperref)                removing `math shift' on input line 107.


Package hyperref Warning: Token not allowed in a PDF string (Unicode):
(hyperref)                removing `\omega' on input line 107.


Package hyperref Warning: Token not allowed in a PDF string (Unicode):
(hyperref)                removing `math shift' on input line 107.

[75] [76]
\openout4 = `Main.ptb'.

\openout4 = `Main.ptb'.

 [77]
\openout4 = `Main.ptb'.

\openout4 = `Main.ptb'.

 [78]
\openout4 = `Main.ptb'.


Overfull \hbox (34.18733pt too wide) in paragraph at lines 383--411
 [][][][] 
 []


Overfull \hbox (34.18733pt too wide) in paragraph at lines 383--411
 [][][][][][][][][][][][][][] 
 []


Overfull \hbox (34.18733pt too wide) in paragraph at lines 383--411
 [][][][][][][][][][][][] 
 []


Overfull \hbox (34.18733pt too wide) in paragraph at lines 383--411
 [][][][][][][][][][][][] 
 []


Overfull \hbox (34.18733pt too wide) in paragraph at lines 383--411
 [][][][][][][][][][][][] 
 []


Overfull \hbox (34.18733pt too wide) in paragraph at lines 383--411
 [][][][] 
 []

\openout4 = `Main.ptb'.


Overfull \hbox (20.07562pt too wide) in paragraph at lines 419--440
 [][][][][][][][] 
 []


Overfull \hbox (20.07562pt too wide) in paragraph at lines 419--440
 [][][][][][][][][][][][] 
 []


Overfull \hbox (20.07562pt too wide) in paragraph at lines 419--440
 [][][][][][][][][][] 
 []


Overfull \hbox (20.07562pt too wide) in paragraph at lines 419--440
 [][][][][][][][][][] 
 []


Overfull \hbox (20.07562pt too wide) in paragraph at lines 419--440
 [][][][] 
 []

\openout4 = `Main.ptb'.


Overfull \hbox (13.88646pt too wide) in paragraph at lines 481--502
 [][][][] 
 []


Overfull \hbox (13.88646pt too wide) in paragraph at lines 481--502
 [][][][] 
 []


Overfull \hbox (13.88646pt too wide) in paragraph at lines 481--502
 [][][][][][][][] 
 []


Overfull \hbox (13.88646pt too wide) in paragraph at lines 481--502
 [][][][] 
 []


Overfull \hbox (13.88646pt too wide) in paragraph at lines 481--502
 [][] 
 []


Overfull \hbox (13.88646pt too wide) in paragraph at lines 481--502
 [][][][] 
 []


Overfull \hbox (13.88646pt too wide) in paragraph at lines 481--502
 [][][][] 
 []


Overfull \hbox (13.88646pt too wide) in paragraph at lines 481--502
 [][][][] 
 []


Overfull \hbox (13.88646pt too wide) in paragraph at lines 481--502
 [][][][] 
 []

[79]
\openout4 = `Main.ptb'.

\openout4 = `Main.ptb'.

LaTeX Font Info:    Try loading font information for OMS+cmss on input line 573
.
LaTeX Font Info:    No file OMScmss.fd. on input line 573.


LaTeX Font Warning: Font shape `OMS/cmss/m/n' undefined
(Font)              using `OMS/cmsy/m/n' instead
(Font)              for symbol `textbullet' on input line 573.

\openout4 = `Main.ptb'.

[80]
\openout4 = `Main.ptb'.

\openout4 = `Main.ptb'.

\openout4 = `Main.ptb'.


Overfull \hbox (57.4477pt too wide) in paragraph at lines 755--773
 [][][][] 
 []


Overfull \hbox (57.4477pt too wide) in paragraph at lines 755--773
 [][][][][][][][] 
 []


Overfull \hbox (57.4477pt too wide) in paragraph at lines 755--773
 [][][][] 
 []


Overfull \hbox (57.4477pt too wide) in paragraph at lines 755--773
 [][] 
 []


Overfull \hbox (57.4477pt too wide) in paragraph at lines 755--773
 [][][][] 
 []


Overfull \hbox (57.4477pt too wide) in paragraph at lines 755--773
 [][][][][][][][] 
 []


Overfull \hbox (57.4477pt too wide) in paragraph at lines 755--773
 [][][][] 
 []

[81]
\openout4 = `Main.ptb'.

 (./Chapters/OGModel/BasicSyntax2.tex
\openout4 = `Main.ptb'.

 [82]
\openout4 = `Main.ptb'.

\openout4 = `Main.ptb'.

\openout4 = `Main.ptb'.

)
(./Chapters/OGModel/Suspension.tex [83]
\openout4 = `Main.ptb'.

\openout4 = `Main.ptb'.

\openout4 = `Main.ptb'.

 [84]
\openout4 = `Main.ptb'.

\openout4 = `Main.ptb'.

\openout4 = `Main.ptb'.

 [85]
\openout4 = `Main.ptb'.

\openout4 = `Main.ptb'.

)
(./Chapters/OGModel/BasicLaws.tex [86]
\openout4 = `Main.ptb'.


Overfull \hbox (41.66956pt too wide) in paragraph at lines 50--56
 [][] 
 []


Overfull \hbox (41.66956pt too wide) in paragraph at lines 50--56
 [][] 
 []


Overfull \hbox (41.66956pt too wide) in paragraph at lines 50--56
 [][] 
 []


Overfull \hbox (41.66956pt too wide) in paragraph at lines 50--56
 [][] 
 []

\openout4 = `Main.ptb'.

\openout4 = `Main.ptb'.

\openout4 = `Main.ptb'.

[87]
\openout4 = `Main.ptb'.

) (./Chapters/OGModel/GroupoidLaws.tex
\openout4 = `Main.ptb'.

 [88]
\openout4 = `Main.ptb'.

)
(./Chapters/OGModel/Telescopes.tex [89]
\anglebox=\box54
\coanglebox=\box55
 [90] [91])
(./Chapters/OGModel/GlobularSets.tex
\openout4 = `Main.ptb'.



LaTeX Warning: Command \textomega invalid in math mode on input line 54.

\openout4 = `Main.ptb'.

[92]) (./Chapters/OGModel/Semantics.tex
\openout4 = `Main.ptb'.

\openout4 = `Main.ptb'.

\openout4 = `Main.ptb'.

\openout4 = `Main.ptb'.

 [93]
\openout4 = `Main.ptb'.


Overfull \hbox (5.09581pt too wide) in paragraph at lines 161--190
 [][][][] 
 []


Overfull \hbox (5.09581pt too wide) in paragraph at lines 161--190
 [][] 
 []


Overfull \hbox (5.09581pt too wide) in paragraph at lines 161--190
 [][][][][][] 
 []


Overfull \hbox (5.09581pt too wide) in paragraph at lines 161--190
 [][][][] 
 []


Overfull \hbox (5.09581pt too wide) in paragraph at lines 161--190
 [][] 
 []


Overfull \hbox (5.09581pt too wide) in paragraph at lines 161--190
 [][][][][][] 
 []


Overfull \hbox (5.09581pt too wide) in paragraph at lines 161--190
 [][] 
 []


Overfull \hbox (5.09581pt too wide) in paragraph at lines 161--190
 [][][][][][] 
 []


Overfull \hbox (5.09581pt too wide) in paragraph at lines 161--190
 [][][][] 
 []


Overfull \hbox (5.09581pt too wide) in paragraph at lines 161--190
 [][][][][][] 
 []


Overfull \hbox (5.09581pt too wide) in paragraph at lines 161--190
 [][][][] 
 []

\openout4 = `Main.ptb'.


Overfull \hbox (36.4759pt too wide) in paragraph at lines 193--228
 [][][][] 
 []


Overfull \hbox (36.4759pt too wide) in paragraph at lines 193--228
 [][][][][][][][] 
 []


Overfull \hbox (36.4759pt too wide) in paragraph at lines 193--228
 [][][][][][] 
 []


Overfull \hbox (36.4759pt too wide) in paragraph at lines 193--228
 [][][][][][] 
 []


Overfull \hbox (36.4759pt too wide) in paragraph at lines 193--228
 [][][][][][][][] 
 []


Overfull \hbox (36.4759pt too wide) in paragraph at lines 193--228
 [][][][][][] 
 []


Overfull \hbox (36.4759pt too wide) in paragraph at lines 193--228
 [][] 
 []


Overfull \hbox (36.4759pt too wide) in paragraph at lines 193--228
 [][] 
 []


Overfull \hbox (36.4759pt too wide) in paragraph at lines 193--228
 [][][][][][] 
 []


Overfull \hbox (36.4759pt too wide) in paragraph at lines 193--228
 [][][][][][] 
 []


Overfull \hbox (36.4759pt too wide) in paragraph at lines 193--228
 [][][][][][] 
 []


Overfull \hbox (36.4759pt too wide) in paragraph at lines 193--228
 [][] 
 []


Overfull \hbox (36.4759pt too wide) in paragraph at lines 193--228
 [][][][] 
 []

[94]
\openout4 = `Main.ptb'.


Overfull \hbox (35.66293pt too wide) in paragraph at lines 233--260
 [][][][] 
 []


Overfull \hbox (35.66293pt too wide) in paragraph at lines 233--260
 [][] 
 []


Overfull \hbox (35.66293pt too wide) in paragraph at lines 233--260
 [][][][][][][][][][] 
 []


Overfull \hbox (35.66293pt too wide) in paragraph at lines 233--260
 [][][][] 
 []


Overfull \hbox (35.66293pt too wide) in paragraph at lines 233--260
 [][] 
 []


Overfull \hbox (35.66293pt too wide) in paragraph at lines 233--260
 [][][][][][][][][][] 
 []


Overfull \hbox (35.66293pt too wide) in paragraph at lines 233--260
 [][][][] 
 []


Overfull \hbox (35.66293pt too wide) in paragraph at lines 233--260
 [][][][] 
 []


Overfull \hbox (35.66293pt too wide) in paragraph at lines 233--260
 [][] 
 []


Overfull \hbox (35.66293pt too wide) in paragraph at lines 233--260
 [][][][] 
 []

\openout4 = `Main.ptb'.

) [95]) (./Chapters/Summary.tex [96]
Chapter 9.
------------------------------------------------------------------------------
 9 Summary
------------------------------------------------------------------------------

Package hyperref Warning: Difference (2) between bookmark levels is greater 
(hyperref)                than one, level fixed on input line 4.

) (./Appendices/AppendixA.tex [97

] [98

]
Appendix A.
------------------------------------------------------------------------------
 A Appendix A
------------------------------------------------------------------------------
\openout4 = `Main.ptb'.


Overfull \hbox (36.21518pt too wide) in paragraph at lines 3--120
 [] [][] [][] 
 []


Overfull \hbox (31.37195pt too wide) in paragraph at lines 3--120
 [][] 
 []


Overfull \hbox (31.37195pt too wide) in paragraph at lines 3--120
 [][] 
 []


Overfull \hbox (31.37195pt too wide) in paragraph at lines 3--120
 [][][][][][] 
 []


Overfull \hbox (31.37195pt too wide) in paragraph at lines 3--120
 [][][][][][] 
 []


Overfull \hbox (31.37195pt too wide) in paragraph at lines 3--120
 [][][][][][] 
 []


Overfull \hbox (31.37195pt too wide) in paragraph at lines 3--120
 [][][][][][] 
 []


Overfull \hbox (31.37195pt too wide) in paragraph at lines 3--120
 [][][][][][] 
 []


Overfull \hbox (31.37195pt too wide) in paragraph at lines 3--120
 [][][][][][] 
 []


Overfull \hbox (31.37195pt too wide) in paragraph at lines 3--120
 [][][][][][] 
 []


Overfull \hbox (31.37195pt too wide) in paragraph at lines 3--120
 [][][][][][] 
 []


Overfull \hbox (31.37195pt too wide) in paragraph at lines 3--120
 [][] 
 []


Overfull \hbox (31.37195pt too wide) in paragraph at lines 3--120
 [][][][][][] 
 []


Overfull \hbox (31.37195pt too wide) in paragraph at lines 3--120
 [][][][][][] 
 []


Overfull \hbox (31.37195pt too wide) in paragraph at lines 3--120
 [][] 
 []


Overfull \hbox (31.37195pt too wide) in paragraph at lines 3--120
 [][][][][][] 
 []


Overfull \hbox (31.37195pt too wide) in paragraph at lines 3--120
 [][][][][][] 
 []


Overfull \hbox (31.37195pt too wide) in paragraph at lines 3--120
 [][] 
 []


Overfull \hbox (31.37195pt too wide) in paragraph at lines 3--120
 [][][][][][] 
 []


Overfull \hbox (31.37195pt too wide) in paragraph at lines 3--120
 [][][][][][] 
 []


Overfull \hbox (31.37195pt too wide) in paragraph at lines 3--120
 [][][][][][] 
 []


Overfull \hbox (31.37195pt too wide) in paragraph at lines 3--120
 [][][][][][] 
 []


Overfull \hbox (31.37195pt too wide) in paragraph at lines 3--120
 [][][][][][] 
 []


Overfull \hbox (31.37195pt too wide) in paragraph at lines 3--120
 [][][][][][] 
 []


Overfull \hbox (31.37195pt too wide) in paragraph at lines 3--120
 [][][][][][] 
 []


Overfull \hbox (31.37195pt too wide) in paragraph at lines 3--120
 [][][][][][] 
 []


Overfull \hbox (31.37195pt too wide) in paragraph at lines 3--120
 [][][][][][] 
 []


Overfull \hbox (31.37195pt too wide) in paragraph at lines 3--120
 [][][][][][] 
 []


Overfull \hbox (31.37195pt too wide) in paragraph at lines 3--120
 [][] 
 []


Overfull \hbox (31.37195pt too wide) in paragraph at lines 3--120
 [][][][][][] 
 []


Overfull \hbox (31.37195pt too wide) in paragraph at lines 3--120
 [][][][][][] 
 []


Overfull \hbox (31.37195pt too wide) in paragraph at lines 3--120
 [][] 
 []


Overfull \hbox (31.37195pt too wide) in paragraph at lines 3--120
 [][][][][][] 
 []


Overfull \hbox (31.37195pt too wide) in paragraph at lines 3--120
 [][][][][][] 
 []


Overfull \hbox (31.37195pt too wide) in paragraph at lines 3--120
 [][][][][][] 
 []


Overfull \hbox (31.37195pt too wide) in paragraph at lines 3--120
 [][][][][][] 
 []


Overfull \hbox (31.37195pt too wide) in paragraph at lines 3--120
 [][][][][][] 
 []


Overfull \hbox (31.37195pt too wide) in paragraph at lines 3--120
 [][][][][][] 
 []


Overfull \hbox (31.37195pt too wide) in paragraph at lines 3--120
 [][][][][][] 
 []


Overfull \hbox (31.37195pt too wide) in paragraph at lines 3--120
 [][] 
 []


Overfull \hbox (31.37195pt too wide) in paragraph at lines 3--120
 [][][][][][] 
 []


Overfull \hbox (31.37195pt too wide) in paragraph at lines 3--120
 [][][][][][] 
 []


Underfull \hbox (badness 10000) in paragraph at lines 3--120
 
 []

[99]) [100]
------------------------------------------------------------------------------
 Bibliography
------------------------------------------------------------------------------
(./Main.bbl [101


]
Underfull \hbox (badness 4416) in paragraph at lines 79--83
[]\T1/cmr/m/n/10.95 Ulf Norell.  De-pen-dently typed pro-gram-ming in agda.  Av
ail-able at:
 []

[102] [103])

Package natbib Warning: There were undefined citations.


FiXme Summary: Number of notes: 26,
(FiXme)        Number of warnings: 0,
(FiXme)        Number of errors: 0,
(FiXme)        Number of fatal errors: 0,
(FiXme)        Total: 26.

Package atveryend Info: Empty hook `BeforeClearDocument' on input line 270.
[104]
Package atveryend Info: Empty hook `AfterLastShipout' on input line 270.
 (./Main.aux)
Package atveryend Info: Executing hook `AtVeryEndDocument' on input line 270.
Package atveryend Info: Executing hook `AtEndAfterFileList' on input line 270.
Package rerunfilecheck Info: File `Main.out' has not changed.
(rerunfilecheck)             Checksum: 77D28A9DAEE12164301CF160F695F6DF;19442.


LaTeX Font Warning: Some font shapes were not available, defaults substituted.


LaTeX Warning: There were undefined references.


LaTeX Warning: There were multiply-defined labels.

Package atveryend Info: Empty hook `AtVeryVeryEnd' on input line 270.
 ) 
Here is how much of TeX's memory you used:
 32167 strings out of 493315
 497902 string characters out of 6137904
 587910 words of memory out of 5000000
 34518 multiletter control sequences out of 15000+600000
 58265 words of font info for 152 fonts, out of 8000000 for 9000
 957 hyphenation exceptions out of 8191
 56i,19n,127p,3232b,817s stack positions out of 5000i,500n,10000p,200000b,80000s
{/usr/local/texlive/2013/texmf-dist/fonts/enc/dvips/cm-super/cm-super-t1.enc}
</usr/local/texlive/2013/texmf-dist/fonts/type1/public/amsfonts/cm/cmbx10.pfb><
/usr/local/texlive/2013/texmf-dist/fonts/type1/public/amsfonts/cm/cmbx8.pfb></u
sr/local/texlive/2013/texmf-dist/fonts/type1/public/amsfonts/cm/cmex10.pfb></us
r/local/texlive/2013/texmf-dist/fonts/type1/public/amsfonts/cm/cmmi10.pfb></usr
/local/texlive/2013/texmf-dist/fonts/type1/public/amsfonts/cm/cmmi12.pfb></usr/
local/texlive/2013/texmf-dist/fonts/type1/public/amsfonts/cm/cmmi6.pfb></usr/lo
cal/texlive/2013/texmf-dist/fonts/type1/public/amsfonts/cm/cmmi8.pfb></usr/loca
l/texlive/2013/texmf-dist/fonts/type1/public/amsfonts/cm/cmmi9.pfb></usr/local/
texlive/2013/texmf-dist/fonts/type1/public/amsfonts/cm/cmr10.pfb></usr/local/te
xlive/2013/texmf-dist/fonts/type1/public/amsfonts/cm/cmr6.pfb></usr/local/texli
ve/2013/texmf-dist/fonts/type1/public/amsfonts/cm/cmr8.pfb></usr/local/texlive/
2013/texmf-dist/fonts/type1/public/amsfonts/cm/cmr9.pfb></usr/local/texlive/201
3/texmf-dist/fonts/type1/public/amsfonts/cm/cmss10.pfb></usr/local/texlive/2013
/texmf-dist/fonts/type1/public/amsfonts/cm/cmss8.pfb></usr/local/texlive/2013/t
exmf-dist/fonts/type1/public/amsfonts/cm/cmsy10.pfb></usr/local/texlive/2013/te
xmf-dist/fonts/type1/public/amsfonts/cm/cmsy6.pfb></usr/local/texlive/2013/texm
f-dist/fonts/type1/public/amsfonts/cm/cmsy8.pfb></usr/local/texlive/2013/texmf-
dist/fonts/type1/public/cbfonts/grmi1095.pfb></usr/local/texlive/2013/texmf-dis
t/fonts/type1/public/cbfonts/grmn1095.pfb></usr/local/texlive/2013/texmf-dist/f
onts/type1/public/cbfonts/gsmn1095.pfb></usr/local/texlive/2013/texmf-dist/font
s/type1/public/amsfonts/symbols/msam10.pfb></usr/local/texlive/2013/texmf-dist/
fonts/type1/public/amsfonts/symbols/msbm10.pfb></usr/local/texlive/2013/texmf-d
ist/fonts/type1/public/cm-super/sfbi1095.pfb></usr/local/texlive/2013/texmf-dis
t/fonts/type1/public/cm-super/sfbx0900.pfb></usr/local/texlive/2013/texmf-dist/
fonts/type1/public/cm-super/sfbx1095.pfb></usr/local/texlive/2013/texmf-dist/fo
nts/type1/public/cm-super/sfbx1200.pfb></usr/local/texlive/2013/texmf-dist/font
s/type1/public/cm-super/sfbx1440.pfb></usr/local/texlive/2013/texmf-dist/fonts/
type1/public/cm-super/sfbx2074.pfb></usr/local/texlive/2013/texmf-dist/fonts/ty
pe1/public/cm-super/sfbx2488.pfb></usr/local/texlive/2013/texmf-dist/fonts/type
1/public/cm-super/sfcc1095.pfb></usr/local/texlive/2013/texmf-dist/fonts/type1/
public/cm-super/sfcc1200.pfb></usr/local/texlive/2013/texmf-dist/fonts/type1/pu
blic/cm-super/sfcc1440.pfb></usr/local/texlive/2013/texmf-dist/fonts/type1/publ
ic/cm-super/sfrm0600.pfb></usr/local/texlive/2013/texmf-dist/fonts/type1/public
/cm-super/sfrm0800.pfb></usr/local/texlive/2013/texmf-dist/fonts/type1/public/c
m-super/sfrm0900.pfb></usr/local/texlive/2013/texmf-dist/fonts/type1/public/cm-
super/sfrm1095.pfb></usr/local/texlive/2013/texmf-dist/fonts/type1/public/cm-su
per/sfrm1200.pfb></usr/local/texlive/2013/texmf-dist/fonts/type1/public/cm-supe
r/sfss0800.pfb></usr/local/texlive/2013/texmf-dist/fonts/type1/public/cm-super/
sfss1095.pfb></usr/local/texlive/2013/texmf-dist/fonts/type1/public/cm-super/sf
ti1095.pfb></usr/local/texlive/2013/texmf-dist/fonts/type1/public/cm-super/sfti
1200.pfb></usr/local/texlive/2013/texmf-dist/fonts/type1/public/cm-super/sfti20
74.pfb></usr/local/texlive/2013/texmf-dist/fonts/type1/public/cm-super/sftt0900
.pfb></usr/local/texlive/2013/texmf-dist/fonts/type1/public/cm-super/sftt1095.p
fb></usr/local/texlive/2013/texmf-dist/fonts/type1/public/stmaryrd/stmary10.pfb
></usr/local/texlive/2013/texmf-dist/fonts/type1/public/xypic/xyatip10.pfb></us
r/local/texlive/2013/texmf-dist/fonts/type1/public/xypic/xybtip10.pfb>
Output written on Main.pdf (118 pages, 1022005 bytes).
PDF statistics:
 1604 PDF objects out of 1728 (max. 8388607)
 1420 compressed objects within 15 object streams
 352 named destinations out of 1000 (max. 500000)
 826 words of extra memory for PDF output out of 10000 (max. 10000000)

