\BOOKMARK [0][-]{dummy.2}{\376\377\000A\000b\000s\000t\000r\000a\000c\000t}{}% 1
\BOOKMARK [0][-]{dummy.3}{\376\377\000A\000c\000k\000n\000o\000w\000l\000e\000d\000g\000e\000m\000e\000n\000t\000s}{}% 2
\BOOKMARK [0][-]{dummy.4}{\376\377\000C\000o\000n\000t\000e\000n\000t\000s}{}% 3
\BOOKMARK [0][-]{dummy.6}{\376\377\000L\000i\000s\000t\000\040\000o\000f\000\040\000F\000i\000g\000u\000r\000e\000s}{}% 4
\BOOKMARK [0][-]{dummy.8}{\376\377\000L\000i\000s\000t\000\040\000o\000f\000\040\000T\000a\000b\000l\000e\000s}{}% 5
\BOOKMARK [0][-]{chapter.10}{\376\377\0001\000\040\000I\000n\000t\000r\000o\000d\000u\000c\000t\000i\000o\000n}{}% 6
\BOOKMARK [1][-]{section.11}{\376\377\0001\000.\0001\000\040\000E\000q\000u\000a\000l\000i\000t\000y\000\040\000a\000n\000d\000\040\000e\000x\000t\000e\000n\000s\000i\000o\000n\000a\000l\000\040\000c\000o\000n\000c\000e\000p\000t\000s}{chapter.10}% 7
\BOOKMARK [1][-]{section.12}{\376\377\0001\000.\0002\000\040\000Q\000u\000o\000t\000i\000e\000n\000t\000\040\000t\000y\000p\000e\000s}{chapter.10}% 8
\BOOKMARK [1][-]{section.13}{\376\377\0001\000.\0003\000\040\000d\000i\000f\000f\000e\000r\000e\000n\000t\000\040\000m\000o\000d\000e\000l\000s}{chapter.10}% 9
\BOOKMARK [1][-]{section.14}{\376\377\0001\000.\0004\000\040\000A\000p\000p\000l\000i\000c\000a\000t\000i\000o\000n\000s}{chapter.10}% 10
\BOOKMARK [1][-]{section.15}{\376\377\0001\000.\0005\000\040\000O\000v\000e\000r\000v\000i\000e\000w}{chapter.10}% 11
\BOOKMARK [0][-]{chapter.16}{\376\377\0002\000\040\000B\000a\000c\000k\000g\000r\000o\000u\000n\000d}{}% 12
\BOOKMARK [1][-]{section.17}{\376\377\0002\000.\0001\000\040\000T\000y\000p\000e\000\040\000T\000h\000e\000o\000r\000y}{chapter.16}% 13
\BOOKMARK [2][-]{subsection.18}{\376\377\0002\000.\0001\000.\0001\000\040\000L\000a\000m\000b\000d\000a\000\040\000C\000a\000l\000c\000u\000l\000u\000s}{section.17}% 14
\BOOKMARK [2][-]{subsection.19}{\376\377\0002\000.\0001\000.\0002\000\040\000P\000e\000r\000\040\000M\000a\000r\000t\000i\000n\000-\000L\000\366\000f\000'\000s\000\040\000T\000y\000p\000e\000\040\000T\000h\000e\000o\000r\000i\000e\000s}{section.17}% 15
\BOOKMARK [1][-]{section.26}{\376\377\0002\000.\0002\000\040\000A\000g\000d\000a}{chapter.16}% 16
\BOOKMARK [2][-]{subsection.27}{\376\377\0002\000.\0002\000.\0001\000\040\000b\000a\000s\000i\000c\000\040\000s\000y\000n\000t\000a\000x}{section.26}% 17
\BOOKMARK [2][-]{subsection.28}{\376\377\0002\000.\0002\000.\0002\000\040\000I\000d\000e\000n\000t\000i\000t\000y\000\040\000T\000y\000p\000e}{section.26}% 18
\BOOKMARK [2][-]{subsection.29}{\376\377\0002\000.\0002\000.\0003\000\040\000E\000x\000t\000e\000n\000s\000i\000o\000n\000a\000l\000i\000t\000y}{section.26}% 19
\BOOKMARK [1][-]{section.30}{\376\377\0002\000.\0003\000\040\000H\000o\000m\000o\000t\000o\000p\000y\000\040\000T\000y\000p\000e\000\040\000T\000h\000e\000o\000r\000y}{chapter.16}% 20
\BOOKMARK [1][-]{section.31}{\376\377\0002\000.\0004\000\040\000S\000o\000m\000e\000\040\000c\000o\000n\000v\000e\000n\000t\000i\000o\000n\000s}{chapter.16}% 21
\BOOKMARK [1][-]{section.32}{\376\377\0002\000.\0005\000\040\000a\000\040\000v\000e\000r\000y\000\040\000s\000h\000o\000r\000t\000\040\000i\000n\000t\000r\000o\000d\000u\000c\000t\000i\000o\000n\000\040\000t\000o\000\040\000c\000a\000t\000e\000g\000o\000r\000y\000\040\000t\000h\000e\000o\000r\000y}{chapter.16}% 22
\BOOKMARK [1][-]{section.34}{\376\377\0002\000.\0006\000\040\000E\000x\000t\000e\000n\000s\000i\000o\000n\000a\000l\000\040\000c\000o\000n\000c\000e\000p\000t\000s\000\040\000i\000n\000\040\000i\000n\000t\000e\000n\000s\000i\000o\000n\000a\000l\000\040\000t\000y\000p\000e\000\040\000t\000h\000e\000o\000r\000y}{chapter.16}% 23
\BOOKMARK [2][-]{subsection.35}{\376\377\0002\000.\0006\000.\0001\000\040\000P\000r\000o\000p\000o\000s\000i\000t\000i\000o\000n\000a\000l\000\040\000e\000x\000t\000e\000n\000s\000i\000o\000n\000a\000l\000i\000t\000y}{section.34}% 24
\BOOKMARK [2][-]{subsection.36}{\376\377\0002\000.\0006\000.\0002\000\040\000F\000u\000n\000c\000t\000i\000o\000n\000a\000l\000\040\000e\000x\000t\000e\000n\000s\000i\000o\000n\000a\000l\000i\000t\000y}{section.34}% 25
\BOOKMARK [2][-]{subsection.37}{\376\377\0002\000.\0006\000.\0003\000\040\000H\000e\000d\000b\000e\000r\000g\000\040\000T\000h\000e\000o\000r\000e\000m}{section.34}% 26
\BOOKMARK [2][-]{subsection.38}{\376\377\0002\000.\0006\000.\0004\000\040\000Q\000u\000o\000t\000i\000e\000n\000t\000\040\000t\000y\000p\000e\000s}{section.34}% 27
\BOOKMARK [2][-]{subsection.39}{\376\377\0002\000.\0006\000.\0005\000\040\000W\000h\000y\000\040\000d\000o\000\040\000w\000e\000\040\000u\000s\000e\000\040\000t\000y\000p\000e\000\040\000t\000h\000e\000o\000r\000y\000?}{section.34}% 28
\BOOKMARK [0][-]{chapter.40}{\376\377\0003\000\040\000Q\000u\000o\000t\000i\000e\000n\000t\000\040\000T\000y\000p\000e\000s}{}% 29
\BOOKMARK [1][-]{section.41}{\376\377\0003\000.\0001\000\040\000Q\000u\000o\000t\000i\000e\000n\000t\000s\000\040\000i\000n\000\040\000M\000a\000t\000h\000e\000m\000a\000t\000i\000c\000s}{chapter.40}% 30
\BOOKMARK [2][-]{subsection.42}{\376\377\0003\000.\0001\000.\0001\000\040\000E\000x\000a\000m\000p\000l\000e\000\040\000:\000\040\000q\000u\000o\000t\000i\000e\000n\000t\000\040\000s\000e\000t\000s}{section.41}% 31
\BOOKMARK [2][-]{subsection.48}{\376\377\0003\000.\0001\000.\0002\000\040\000Q\000u\000o\000t\000i\000e\000n\000t\000\040\000t\000y\000p\000e\000s\000\040\000i\000n\000\040\000e\000x\000t\000e\000n\000s\000i\000o\000n\000a\000l\000\040\000t\000y\000p\000e\000\040\000t\000h\000e\000o\000r\000y}{section.41}% 32
\BOOKMARK [2][-]{subsection.49}{\376\377\0003\000.\0001\000.\0003\000\040\000Q\000u\000o\000t\000i\000e\000n\000t\000\040\000t\000y\000p\000e\000s\000\040\000i\000n\000\040\000i\000n\000t\000e\000n\000s\000i\000o\000n\000a\000l\000\040\000t\000y\000p\000e\000\040\000t\000h\000e\000o\000r\000y}{section.41}% 33
\BOOKMARK [1][-]{section.52}{\376\377\0003\000.\0002\000\040\000C\000a\000t\000e\000g\000o\000r\000i\000c\000a\000l\000\040\000i\000n\000t\000u\000i\000t\000i\000o\000n}{chapter.40}% 34
\BOOKMARK [2][-]{subsection.53}{\376\377\0003\000.\0002\000.\0001\000\040\000s\000p\000l\000i\000t\000\040\000q\000u\000o\000t\000i\000e\000n\000t\000/\000c\000o\000e\000q\000u\000a\000l\000i\000z\000e\000r}{section.52}% 35
\BOOKMARK [2][-]{subsection.55}{\376\377\0003\000.\0002\000.\0002\000\040\000A\000d\000j\000u\000n\000c\000t\000i\000o\000n\000\040\000b\000e\000t\000w\000e\000e\000n\000\040\000S\000e\000t\000s\000\040\000a\000n\000d\000\040\000S\000e\000t\000o\000i\000d\000s}{section.52}% 36
\BOOKMARK [1][-]{section.57}{\376\377\0003\000.\0003\000\040\000I\000m\000p\000r\000e\000d\000i\000c\000a\000t\000i\000v\000e\000\040\000e\000n\000c\000o\000d\000i\000n\000g\000\040\000o\000f\000\040\000q\000u\000o\000t\000i\000e\000n\000t\000\040\000t\000y\000p\000e\000s}{chapter.40}% 37
\BOOKMARK [2][-]{subsection.61}{\376\377\0003\000.\0003\000.\0001\000\040\000F\000u\000n\000c\000t\000i\000o\000n\000a\000l\000\040\000e\000x\000t\000e\000n\000s\000i\000o\000n\000a\000l\000i\000t\000y\000\040\000a\000n\000d\000\040\000q\000u\000o\000t\000i\000e\000n\000t\000\040\000t\000y\000p\000e\000s}{section.57}% 38
\BOOKMARK [1][-]{section.63}{\376\377\0003\000.\0004\000\040\000E\000x\000a\000m\000p\000l\000e\000\040\000o\000f\000\040\000Q\000u\000o\000t\000i\000e\000n\000t\000s}{chapter.40}% 39
\BOOKMARK [1][-]{section.64}{\376\377\0003\000.\0005\000\040\000l\000i\000t\000e\000r\000a\000t\000u\000r\000e\000\040\000r\000e\000v\000i\000e\000w}{chapter.40}% 40
\BOOKMARK [0][-]{chapter.65}{\376\377\0004\000\040\000D\000e\000f\000i\000n\000a\000b\000l\000e\000\040\000Q\000u\000o\000t\000i\000e\000n\000t\000s}{}% 41
\BOOKMARK [1][-]{section.66}{\376\377\0004\000.\0001\000\040\000I\000n\000t\000e\000g\000e\000r\000s}{chapter.65}% 42
\BOOKMARK [2][-]{section*.74}{\376\377\000O\000p\000e\000r\000a\000t\000i\000o\000n\000s}{section.66}% 43
\BOOKMARK [3][-]{section*.75}{\376\377\000P\000r\000o\000p\000e\000r\000t\000i\000e\000s}{section*.74}% 44
\BOOKMARK [4][-]{section*.76}{\376\377\000A\000n\000\040\000e\000f\000f\000i\000c\000i\000e\000n\000t\000\040\000u\000t\000i\000l\000i\000z\000a\000t\000i\000o\000n\000\040\000o\000f\000\040\000q\000u\000o\000t\000i\000e\000n\000t\000\040\000s\000t\000r\000u\000c\000t\000u\000r\000e\000:\000\040\000t\000h\000e\000\040\000p\000r\000o\000v\000i\000n\000g\000\040\000o\000f\000\040\000d\000i\000s\000t\000r\000i\000b\000u\000t\000i\000v\000i\000t\000y}{section*.75}% 45
\BOOKMARK [1][-]{section.78}{\376\377\0004\000.\0002\000\040\000R\000a\000t\000i\000o\000n\000a\000l\000\040\000n\000u\000m\000b\000e\000r\000s}{chapter.65}% 46
\BOOKMARK [0][-]{chapter.79}{\376\377\0005\000\040\000R\000e\000a\000l\000\040\000n\000u\000m\000b\000e\000r\000s\000\040\000a\000n\000d\000\040\000o\000t\000h\000e\000r\000\040\000u\000n\000d\000e\000f\000i\000n\000a\000b\000l\000e\000\040\000q\000u\000o\000t\000i\000e\000n\000t\000s}{}% 47
\BOOKMARK [1][-]{section.80}{\376\377\0005\000.\0001\000\040\000R\000e\000a\000l\000\040\000n\000u\000m\000b\000e\000r\000s}{chapter.79}% 48
\BOOKMARK [2][-]{subsection.82}{\376\377\0005\000.\0001\000.\0001\000\040\000N\000o\000n\000-\000n\000o\000r\000m\000a\000l\000i\000z\000a\000b\000i\000l\000i\000t\000y\000\040\000o\000f\000\040\000C\000a\000u\000c\000h\000y\000\040\000S\000e\000q\000u\000e\000n\000c\000e\000s}{section.80}% 49
\BOOKMARK [3][-]{section*.87}{\376\377\000S\000o\000m\000e\000\040\000p\000r\000e\000l\000i\000m\000i\000n\000a\000r\000i\000e\000s}{subsection.82}% 50
\BOOKMARK [2][-]{subsection.124}{\376\377\0005\000.\0001\000.\0002\000\040\000C\000a\000u\000c\000h\000y\000\040\000c\000o\000m\000p\000l\000e\000t\000e\000n\000e\000s\000s\000\040\000o\000f\000\040\000t\000h\000e\000\040\000C\000a\000u\000c\000h\000y\000\040\000r\000e\000a\000l\000s}{section.80}% 51
\BOOKMARK [1][-]{section.125}{\376\377\0005\000.\0002\000\040\000M\000u\000l\000t\000i\000s\000e\000t\000s}{chapter.79}% 52
\BOOKMARK [1][-]{section.127}{\376\377\0005\000.\0003\000\040\000P\000a\000r\000t\000i\000a\000l\000i\000t\000y\000\040\000m\000o\000n\000a\000d}{chapter.79}% 53
\BOOKMARK [1][-]{section.128}{\376\377\0005\000.\0004\000\040\000N\000o\000t\000\040\000a\000l\000l\000\040\000c\000o\000n\000n\000e\000c\000t\000e\000d\000\040\000t\000y\000p\000e\000\040\000i\000s\000\040\000c\000o\000n\000t\000r\000a\000c\000t\000i\000b\000l\000e}{chapter.79}% 54
\BOOKMARK [0][-]{chapter.129}{\376\377\0006\000\040\000T\000h\000e\000\040\000S\000e\000t\000o\000i\000d\000\040\000M\000o\000d\000e\000l}{}% 55
\BOOKMARK [1][-]{section*.133}{\376\377\000T\000h\000e\000\040\000c\000a\000t\000e\000g\000o\000r\000y\000\040\000o\000f\000\040\000s\000e\000t\000o\000i\000d\000s\000\040\000i\000s\000\040\000n\000o\000t\000\040\000a\000\040\000L\000C\000C\000C}{chapter.129}% 56
\BOOKMARK [1][-]{section.134}{\376\377\0006\000.\0001\000\040\000A\000n\000\040\000i\000m\000p\000l\000e\000m\000e\000n\000t\000a\000t\000i\000o\000n\000\040\000o\000f\000\040\000c\000a\000t\000e\000g\000o\000r\000i\000e\000s\000\040\000w\000i\000t\000h\000\040\000F\000a\000m\000i\000l\000i\000e\000s\000\040\000i\000n\000\040\000A\000g\000d\000a}{chapter.129}% 57
\BOOKMARK [1][-]{section.135}{\376\377\0006\000.\0002\000\040\000h\000P\000r\000o\000p}{chapter.129}% 58
\BOOKMARK [1][-]{section.136}{\376\377\0006\000.\0003\000\040\000C\000a\000t\000e\000g\000o\000r\000y}{chapter.129}% 59
\BOOKMARK [1][-]{section.137}{\376\377\0006\000.\0004\000\040\000C\000a\000t\000e\000g\000o\000r\000y\000\040\000o\000f\000\040\000s\000e\000t\000o\000i\000d\000s}{chapter.129}% 60
\BOOKMARK [1][-]{section.138}{\376\377\0006\000.\0005\000\040\000c\000a\000t\000e\000g\000o\000r\000i\000e\000s\000\040\000w\000i\000t\000h\000\040\000f\000a\000m\000i\000l\000i\000e\000s\000\040\000o\000f\000\040\000s\000e\000t\000o\000i\000d\000s}{chapter.129}% 61
\BOOKMARK [1][-]{section.139}{\376\377\0006\000.\0006\000\040\000W\000h\000a\000t\000\040\000w\000e\000\040\000c\000a\000n\000\040\000d\000o\000\040\000i\000n\000\040\000t\000h\000i\000s\000\040\000m\000o\000d\000e\000l}{chapter.129}% 62
\BOOKMARK [1][-]{section.140}{\376\377\0006\000.\0007\000\040\000E\000x\000a\000m\000p\000l\000e\000s\000\040\000o\000f\000\040\000t\000y\000p\000e\000s}{chapter.129}% 63
\BOOKMARK [1][-]{section.141}{\376\377\0006\000.\0008\000\040\000Q\000u\000o\000t\000i\000e\000n\000t\000\040\000t\000y\000p\000e\000s\000\040\000i\000n\000\040\000s\000e\000t\000o\000i\000d\000\040\000m\000o\000d\000e\000l}{chapter.129}% 64
\BOOKMARK [1][-]{section.142}{\376\377\0006\000.\0009\000\040\000O\000b\000s\000e\000r\000v\000a\000t\000i\000o\000n\000a\000l\000\040\000e\000q\000u\000a\000l\000i\000t\000y}{chapter.129}% 65
\BOOKMARK [0][-]{chapter.143}{\376\377\0007\000\040\000H\000o\000m\000o\000t\000o\000p\000y\000\040\000T\000y\000p\000e\000\040\000T\000h\000e\000o\000r\000y\000\040\000a\000n\000d\000\040\000h\000i\000g\000h\000e\000r\000\040\000i\000n\000d\000u\000c\000t\000i\000v\000e\000\040\000t\000y\000p\000e\000s}{}% 66
\BOOKMARK [1][-]{section.144}{\376\377\0007\000.\0001\000\040\000B\000a\000s\000i\000c\000\040\000H\000o\000m\000o\000t\000o\000p\000y\000\040\000T\000y\000p\000e\000\040\000t\000h\000e\000o\000r\000e\000t\000i\000c\000a\000l\000\040\000n\000o\000t\000i\000o\000n\000s}{chapter.143}% 67
\BOOKMARK [2][-]{subsection.145}{\376\377\0007\000.\0001\000.\0001\000\040\000U\000n\000i\000v\000a\000l\000e\000n\000t\000\040\000a\000x\000i\000o\000m}{section.144}% 68
\BOOKMARK [2][-]{subsection.147}{\376\377\0007\000.\0001\000.\0002\000\040\000H\000o\000m\000o\000t\000o\000p\000y\000\040\000t\000y\000p\000e\000s}{section.144}% 69
\BOOKMARK [1][-]{section.148}{\376\377\0007\000.\0002\000\040\000H\000i\000g\000h\000e\000r\000\040\000i\000n\000d\000u\000c\000t\000i\000v\000e\000\040\000t\000y\000p\000e\000s}{chapter.143}% 70
\BOOKMARK [1][-]{section.149}{\376\377\0007\000.\0003\000\040\000Q\000u\000o\000t\000i\000e\000n\000t\000\040\000t\000y\000p\000e\000s\000\040\000w\000i\000t\000h\000\040\000h\000e\000l\000p\000\040\000o\000f\000\040\000h\000i\000g\000h\000e\000r\000\040\000i\000n\000d\000u\000c\000t\000i\000v\000e\000\040\000t\000y\000p\000e\000s}{chapter.143}% 71
\BOOKMARK [1][-]{section.150}{\376\377\0007\000.\0004\000\040\000Q\000u\000o\000t\000i\000e\000n\000t\000\040\000i\000n\000d\000u\000c\000t\000i\000v\000e\000\040\000i\000n\000d\000u\000c\000t\000i\000v\000e\000\040\000t\000y\000p\000e\000s}{chapter.143}% 72
\BOOKMARK [1][-]{section.151}{\376\377\0007\000.\0005\000\040\000V\000a\000r\000i\000o\000u\000s\000\040\000i\000m\000p\000l\000e\000m\000e\000n\000t\000a\000t\000i\000o\000n\000s\000\040\000o\000f\000\040\000H\000o\000m\000o\000t\000o\000p\000y\000\040\000T\000y\000p\000e\000\040\000T\000h\000e\000o\000r\000y}{chapter.143}% 73
\BOOKMARK [2][-]{subsection.152}{\376\377\0007\000.\0005\000.\0001\000\040\000S\000i\000m\000p\000l\000i\000c\000i\000a\000l\000\040\000s\000e\000t\000s}{section.151}% 74
\BOOKMARK [2][-]{subsection.153}{\376\377\0007\000.\0005\000.\0002\000\040\000C\000u\000b\000i\000c\000a\000l\000\040\000s\000e\000t\000s}{section.151}% 75
\BOOKMARK [2][-]{subsection.154}{\376\377\0007\000.\0005\000.\0003\000\040\000B\000r\000u\000n\000e\000r\000i\000e\000'\000s\000\040\000s\000y\000n\000t\000a\000c\000t\000i\000c\000\040\000a\000p\000p\000r\000o\000a\000c\000h}{section.151}% 76
\BOOKMARK [1][-]{section.155}{\376\377\0007\000.\0006\000\040\000S\000u\000m\000m\000a\000r\000y}{chapter.143}% 77
\BOOKMARK [0][-]{chapter.156}{\376\377\0008\000\040\000t\000h\000e\000\040\000-\000g\000r\000o\000u\000p\000o\000i\000d\000s\000\040\000M\000o\000d\000e\000l}{}% 78
\BOOKMARK [1][-]{section.157}{\376\377\0008\000.\0001\000\040\000A\000n\000\040\000i\000m\000p\000l\000e\000m\000e\000n\000t\000a\000t\000i\000o\000n\000\040\000o\000f\000\040\000w\000e\000a\000k\000\040\000-\000g\000r\000o\000u\000p\000o\000i\000d\000s}{chapter.156}% 79
\BOOKMARK [2][-]{subsection.158}{\376\377\0008\000.\0001\000.\0001\000\040\000S\000y\000n\000t\000a\000x}{section.157}% 80
\BOOKMARK [1][-]{section.159}{\376\377\0008\000.\0002\000\040\000S\000y\000n\000t\000a\000x}{chapter.156}% 81
\BOOKMARK [2][-]{subsection.160}{\376\377\0008\000.\0002\000.\0001\000\040\000B\000a\000s\000i\000c\000\040\000O\000b\000j\000e\000c\000t\000s}{section.159}% 82
\BOOKMARK [2][-]{subsection.161}{\376\377\0008\000.\0002\000.\0002\000\040\000H\000e\000t\000e\000r\000o\000g\000e\000n\000e\000o\000u\000s\000\040\000E\000q\000u\000a\000l\000i\000t\000y\000\040\000f\000o\000r\000\040\000T\000e\000r\000m\000s}{section.159}% 83
\BOOKMARK [2][-]{subsection.162}{\376\377\0008\000.\0002\000.\0003\000\040\000S\000u\000b\000s\000t\000i\000t\000u\000t\000i\000o\000n\000s}{section.159}% 84
\BOOKMARK [2][-]{subsection.163}{\376\377\0008\000.\0002\000.\0004\000\040\000W\000e\000a\000k\000e\000n\000i\000n\000g\000\040\000R\000u\000l\000e\000s}{section.159}% 85
\BOOKMARK [2][-]{subsection.164}{\376\377\0008\000.\0002\000.\0005\000\040\000L\000e\000m\000m\000a\000s}{section.159}% 86
\BOOKMARK [1][-]{section.165}{\376\377\0008\000.\0003\000\040\000S\000o\000m\000e\000\040\000I\000m\000p\000o\000r\000t\000a\000n\000t\000\040\000D\000e\000r\000i\000v\000a\000b\000l\000e\000\040\000C\000o\000n\000s\000t\000r\000u\000c\000t\000i\000o\000n\000s}{chapter.156}% 87
\BOOKMARK [2][-]{subsection.166}{\376\377\0008\000.\0003\000.\0001\000\040\000S\000u\000s\000p\000e\000n\000s\000i\000o\000n\000\040\000a\000n\000d\000\040\000R\000e\000p\000l\000a\000c\000e\000m\000e\000n\000t}{section.165}% 88
\BOOKMARK [3][-]{subsubsection.167}{\376\377\0008\000.\0003\000.\0001\000.\0001\000\040\000S\000u\000s\000p\000e\000n\000s\000i\000o\000n}{subsection.166}% 89
\BOOKMARK [3][-]{subsubsection.168}{\376\377\0008\000.\0003\000.\0001\000.\0002\000\040\000R\000e\000p\000l\000a\000c\000e\000m\000e\000n\000t}{subsection.166}% 90
\BOOKMARK [2][-]{subsection.169}{\376\377\0008\000.\0003\000.\0002\000\040\000F\000i\000r\000s\000t\000-\000l\000e\000v\000e\000l\000\040\000G\000r\000o\000u\000p\000o\000i\000d\000\040\000S\000t\000r\000u\000c\000t\000u\000r\000e}{section.165}% 91
\BOOKMARK [2][-]{subsection.170}{\376\377\0008\000.\0003\000.\0003\000\040\000H\000i\000g\000h\000e\000r\000\040\000S\000t\000r\000u\000c\000t\000u\000r\000e}{section.165}% 92
\BOOKMARK [3][-]{subsubsection.171}{\376\377\0008\000.\0003\000.\0003\000.\0001\000\040\000I\000d\000e\000n\000t\000i\000t\000i\000e\000s}{subsection.170}% 93
\BOOKMARK [3][-]{subsubsection.174}{\376\377\0008\000.\0003\000.\0003\000.\0002\000\040\000C\000o\000m\000p\000o\000s\000i\000t\000i\000o\000n}{subsection.170}% 94
\BOOKMARK [1][-]{section.176}{\376\377\0008\000.\0004\000\040\000S\000e\000m\000a\000n\000t\000i\000c\000s}{chapter.156}% 95
\BOOKMARK [2][-]{subsection.177}{\376\377\0008\000.\0004\000.\0001\000\040\000G\000l\000o\000b\000u\000l\000a\000r\000\040\000T\000y\000p\000e\000s}{section.176}% 96
\BOOKMARK [1][-]{section.179}{\376\377\0008\000.\0005\000\040\000S\000u\000m\000m\000a\000r\000y}{chapter.156}% 97
\BOOKMARK [0][-]{chapter.180}{\376\377\0009\000\040\000S\000u\000m\000m\000a\000r\000y}{}% 98
\BOOKMARK [1][-]{subsection.181}{\376\377\0009\000.\0000\000.\0001\000\040\000F\000u\000t\000u\000r\000e\000\040\000w\000o\000r\000k}{chapter.180}% 99
\BOOKMARK [0][-]{appendix.182}{\376\377\000A\000\040\000A\000p\000p\000e\000n\000d\000i\000x\000\040\000A}{}% 100
\BOOKMARK [0][-]{dummy.183}{\376\377\000B\000i\000b\000l\000i\000o\000g\000r\000a\000p\000h\000y}{}% 101
